2021-11-26 13:54:20:5420 [32minfo[39m: [32mServer Started at Port, https://localhost:3000[39m
2021-11-26 13:54:20:5420 [31merror[39m: [31mServer Started at Port, https://localhost:3000[39m
2021-11-26 14:48:13:4813 [32minfo[39m: [32mServer Started at Port, https://localhost:3000[39m
2021-11-26 14:48:13:4813 [31merror[39m: [31mServer Started at Port, https://localhost:3000[39m
2021-11-26 14:48:21:4821 [35mhttp[39m: [35mPATCH / 404 141 - 1.747 ms[39m
[35m[39m
2021-11-26 14:48:32:4832 [35mhttp[39m: [35mGET / 200 27 - 1.431 ms[39m
[35m[39m
2021-11-26 14:49:37:4937 [35mhttp[39m: [35mGET / 200 27 - 0.282 ms[39m
[35m[39m
2021-11-26 14:49:45:4945 [35mhttp[39m: [35mGET / 200 27 - 0.260 ms[39m
[35m[39m
2021-11-26 14:49:45:4945 [35mhttp[39m: [35mGET / 200 27 - 0.202 ms[39m
[35m[39m
2021-11-26 14:49:45:4945 [35mhttp[39m: [35mGET / 200 27 - 0.196 ms[39m
[35m[39m
2021-11-26 14:49:45:4945 [35mhttp[39m: [35mGET / 200 27 - 0.183 ms[39m
[35m[39m
2021-11-26 15:05:47:547 [32minfo[39m: [32mServer Started at Port, https://localhost:3000[39m
2021-11-26 15:06:08:68 [32minfo[39m: [32mHome route hit[39m
2021-11-26 15:06:16:616 [32minfo[39m: [32mHome route hit[39m
2021-11-26 15:06:17:617 [32minfo[39m: [32mHome route hit[39m
2021-11-26 15:06:18:618 [32minfo[39m: [32mHome route hit[39m
2021-11-26 15:06:18:618 [32minfo[39m: [32mHome route hit[39m
2021-11-26 15:51:28:5128 [32minfo[39m: [32mHome route hit[39m
2021-11-26 15:51:51:5151 [32minfo[39m: [32mServer Started at Port, https://localhost:3000[39m
2021-11-26 15:52:01:521 [32minfo[39m: [32mHome route hit[39m
2021-11-26 15:52:06:526 [32minfo[39m: [32mHome route hit[39m
2021-11-26 15:52:52:5252 [32minfo[39m: [32mServer Started at Port, https://localhost:3000[39m
2021-11-26 15:53:27:5327 [32minfo[39m: [32mServer Started at Port, https://localhost:3000[39m
2021-11-26 15:55:34:5534 [32minfo[39m: [32mServer Started at Port, https://localhost:3000[39m
2021-11-26 15:55:46:5546 [35mhttp[39m: [35mGET /d 404 140 - 1.671 ms[39m
[35m[39m
2021-11-26 15:55:50:5550 [35mhttp[39m: [35mGET /d 404 140 - 0.621 ms[39m
[35m[39m
2021-11-26 15:55:51:5551 [35mhttp[39m: [35mGET /d 404 140 - 0.257 ms[39m
[35m[39m
2021-11-26 15:55:52:5552 [35mhttp[39m: [35mGET /d 404 140 - 0.233 ms[39m
[35m[39m
2021-11-26 15:56:13:5613 [32minfo[39m: [32mServer Started at Port, https://localhost:3000[39m
2021-11-26 15:56:17:5617 [35mhttp[39m: [35mGET /d 404 140 - 1.721 ms[39m
[35m[39m
2021-11-26 15:56:18:5618 [35mhttp[39m: [35mGET /d 404 140 - 0.656 ms[39m
[35m[39m
2021-11-26 15:56:19:5619 [35mhttp[39m: [35mGET /d 404 140 - 0.251 ms[39m
[35m[39m
2021-11-26 16:00:27:027 [32minfo[39m: [32mServer Started at Port, https://localhost:3000[39m
2021-11-26 16:00:32:032 [35mhttp[39m: [35mGET /d 404 140 - 1.680 ms[39m
[35m[39m
2021-11-26 16:00:36:036 [32minfo[39m: [32mHome route hit[39m
2021-11-26 16:00:37:037 [32minfo[39m: [32mHome route hit[39m
2021-11-26 16:00:37:037 [32minfo[39m: [32mHome route hit[39m
2021-11-26 16:00:40:040 [35mhttp[39m: [35mGET /dd 404 141 - 0.724 ms[39m
[35m[39m
2021-11-26 16:03:21:321 [32minfo[39m: [32mServer Started at Port, https://localhost:3000[39m
2021-11-26 16:03:44:344 [32minfo[39m: [32mServer Started at Port, https://localhost:3000[39m
2021-11-26 16:04:33:433 [32minfo[39m: [32mServer Started at Port, https://localhost:3000[39m
2021-11-26 16:05:17:517 [32minfo[39m: [32mServer Started at Port, https://localhost:3000[39m
2021-11-26 16:05:44:544 [32minfo[39m: [32mHome route hit[39m
2021-11-26 16:05:46:546 [32minfo[39m: [32mHome route hit[39m
2021-11-26 16:06:49:649 [32minfo[39m: [32mServer Started at Port, https://localhost:3000[39m
2021-11-26 16:06:50:650 [32minfo[39m: [32mHome route hit[39m
2021-11-26 16:07:37:737 [32minfo[39m: [32mServer Started at Port, https://localhost:3000[39m
2021-11-26 16:07:51:751 [32minfo[39m: [32mHome route hit[39m
2021-11-26 16:12:23:1223 [32minfo[39m: [32mServer Started at Port, https://localhost:3000[39m
2021-11-26 16:12:42:1242 [32minfo[39m: [32mServer Started at Port, https://localhost:3000[39m
2021-11-26 16:12:43:1243 [32minfo[39m: [32mHome route hit[39m
2021-11-26 16:12:44:1244 [32minfo[39m: [32mHome route hit[39m
2021-11-26 16:12:50:1250 [32minfo[39m: [32mHome route hit[39m
2021-11-26 16:12:56:1256 [35mhttp[39m: [35mGET /ss 404 141 - 1.008 ms[39m
[35m[39m
2021-11-26 16:13:47:1347 [32minfo[39m: [32mServer Started at Port, https://localhost:3000[39m
2021-11-26 16:13:50:1350 [35mhttp[39m: [35mGET /ss 404 141 - 1.703 ms[39m
[35m[39m
2021-11-26 16:13:51:1351 [35mhttp[39m: [35mGET /ss 404 141 - 0.578 ms[39m
[35m[39m
2021-11-26 16:13:52:1352 [35mhttp[39m: [35mGET /ss 404 141 - 0.245 ms[39m
[35m[39m
2021-11-26 16:14:20:1420 [35mhttp[39m: [35mGET /ss 404 141 - 0.251 ms[39m
[35m[39m
2021-11-26 16:25:19:2519 [32minfo[39m: [32mServer Started at Port, https://localhost:3000[39m
2021-11-26 16:42:40:4240 [32minfo[39m: [32mServer Started at Port, https://localhost:3000[39m
2021-11-26 16:45:09:459 [32minfo[39m: [32mServer Started at Port, https://localhost:3000[39m
2021-11-26 16:48:17:4817 [32minfo[39m: [32mServer Started at Port, https://localhost:3000[39m
2021-11-26 16:49:32:4932 [32minfo[39m: [32mServer Started at Port, https://localhost:3000[39m
2021-11-26 16:53:42:5342 [32minfo[39m: [32mServer Started at Port, https://localhost:3000[39m
2021-11-26 16:55:38:5538 [32minfo[39m: [32mServer Started at Port, https://localhost:3000[39m
2021-11-26 16:56:36:5636 [32minfo[39m: [32mServer Started at Port, https://localhost:3000[39m
2021-11-26 16:58:49:5849 [32minfo[39m: [32mHome route hit[39m
2021-11-26 16:58:55:5855 [32minfo[39m: [32mHome route hit[39m
2021-11-26 17:01:10:110 [32minfo[39m: [32mServer Started at Port, https://localhost:3000[39m
2021-11-26 17:02:36:236 [32minfo[39m: [32mServer Started at Port, https://localhost:3000[39m
2021-11-29 18:14:00:140 [32minfo[39m: [32mServer Started at Port, https://localhost:3000[39m
2021-11-29 18:14:31:1431 [32minfo[39m: [32mHome route hit[39m
2021-11-29 18:16:14:1614 [32minfo[39m: [32mHome route hit[39m
2021-11-29 18:26:50:2650 [32minfo[39m: [32mServer Started at Port, https://localhost:3000[39m
2021-11-29 18:27:50:2750 [32minfo[39m: [32mServer Started at Port, https://localhost:3000[39m
2021-11-29 18:32:12:3212 [32minfo[39m: [32mServer Started at Port, https://localhost:3000[39m
2021-11-29 18:33:04:334 [32minfo[39m: [32mServer Started at Port, https://localhost:3000[39m
2021-11-29 18:35:24:3524 [32minfo[39m: [32mServer Started at Port, https://localhost:3000[39m
2021-11-29 18:39:19:3919 [32minfo[39m: [32mServer Started at Port, https://localhost:3000[39m
2021-11-30 11:27:47:2747 [32minfo[39m: [32mServer Started at Port, https://localhost:3000[39m
2021-11-30 11:36:40:3640 [32minfo[39m: [32mServer Started at Port, https://localhost:3000[39m
2021-11-30 11:39:05:395 [32minfo[39m: [32mServer Started at Port, https://localhost:3000[39m
2021-11-30 11:40:29:4029 [32minfo[39m: [32mServer Started at Port, https://localhost:3000[39m
2021-11-30 11:41:14:4114 [32minfo[39m: [32mServer Started at Port, https://localhost:3000[39m
2021-11-30 11:41:47:4147 [32minfo[39m: [32mServer Started at Port, https://localhost:3000[39m
2021-11-30 11:45:33:4533 [32minfo[39m: [32mServer Started at Port, https://localhost:3000[39m
2021-11-30 11:46:54:4654 [32minfo[39m: [32mServer Started at Port, https://localhost:3000[39m
2021-11-30 11:47:14:4714 [32minfo[39m: [32mServer Started at Port, https://localhost:3000[39m
2021-11-30 11:52:26:5226 [32minfo[39m: [32mServer Started at Port, https://localhost:3000[39m
2021-11-30 11:53:04:534 [32minfo[39m: [32mServer Started at Port, https://localhost:3000[39m
2021-11-30 12:05:06:56 [32minfo[39m: [32mServer Started at Port, https://localhost:3000[39m
2021-12-01 10:55:46:5546 [32minfo[39m: [32mServer Started at Port, https://localhost:3000[39m
2021-12-01 10:57:42:5742 [32minfo[39m: [32mServer Started at Port, https://localhost:3000[39m
2021-12-01 11:00:36:036 [32minfo[39m: [32mServer Started at Port, https://localhost:3000[39m
2021-12-01 11:09:11:911 [32minfo[39m: [32mServer Started at Port, https://localhost:3000[39m
2021-12-01 11:15:27:1527 [32minfo[39m: [32mServer Started at Port, https://localhost:3000[39m
2021-12-01 11:18:29:1829 [32minfo[39m: [32mServer Started at Port, https://localhost:3000[39m
2021-12-01 11:22:40:2240 [32minfo[39m: [32mServer Started at Port, https://localhost:3000[39m
2021-12-01 11:36:35:3635 [32minfo[39m: [32mServer Started at Port, https://localhost:3000[39m
2021-12-01 11:40:15:4015 [32minfo[39m: [32mServer Started at Port, https://localhost:3000[39m
2021-12-02 19:45:38:4538 [32minfo[39m: [32mServer Started at Port, https://localhost:3000[39m
2021-12-02 19:47:55:4755 [32minfo[39m: [32mServer Started at Port, https://localhost:3000[39m
2021-12-02 21:27:23:2723 [32minfo[39m: [32mServer Started at Port, https://localhost:3000[39m
2021-12-02 21:48:37:4837 [32minfo[39m: [32mServer Started at Port, https://localhost:3000[39m
2021-12-02 22:29:47:2947 [32minfo[39m: [32mServer Started at Port, https://localhost:3000[39m
2021-12-05 10:47:46:4746 [32minfo[39m: [32mServer Started at Port, https://localhost:3000[39m
2021-12-05 10:50:03:503 [32minfo[39m: [32mServer Started at Port, https://localhost:3000[39m
2021-12-10 18:35:07:357 [32minfo[39m: [32mServer Started at Port, https://localhost:3000[39m
2021-12-10 18:48:18:4818 [32minfo[39m: [32mServer Started at Port, https://localhost:3000[39m
2021-12-10 19:04:03:43 [32minfo[39m: [32mServer Started at Port, https://localhost:3000[39m
2021-12-10 19:39:21:3921 [32minfo[39m: [32mServer Started at Port, https://localhost:3000[39m
2021-12-10 19:44:09:449 [32minfo[39m: [32mServer Started at Port, https://localhost:3000[39m
2021-12-10 19:46:07:467 [32minfo[39m: [32mServer Started at Port, https://localhost:3000[39m
2021-12-10 19:48:29:4829 [32minfo[39m: [32mServer Started at Port, https://localhost:3000[39m
2021-12-10 20:05:48:548 [32minfo[39m: [32mServer Started at Port, https://localhost:3000[39m
2021-12-10 20:14:04:144 [32minfo[39m: [32mServer Started at Port, https://localhost:3000[39m
2021-12-10 20:14:41:1441 [32minfo[39m: [32mServer Started at Port, https://localhost:3000[39m
2021-12-10 20:17:09:179 [32minfo[39m: [32mServer Started at Port, https://localhost:3000[39m
2021-12-10 20:18:36:1836 [32minfo[39m: [32mServer Started at Port, https://localhost:3000[39m
2021-12-10 20:19:16:1916 [32minfo[39m: [32mServer Started at Port, https://localhost:3000[39m
2021-12-15 10:50:37:5037 [32minfo[39m: [32mServer Started at Port, https://localhost:3000[39m
2021-12-15 10:50:43:5043 [32minfo[39m: [32mHome route hit[39m
2021-12-16 15:39:56:3956 [32minfo[39m: [32mServer Started at Port, https://localhost:3000[39m
2021-12-16 15:40:40:4040 [32minfo[39m: [32mServer Started at Port, https://localhost:5000[39m
2021-12-16 15:40:54:4054 [32minfo[39m: [32mHome route hit[39m
2021-12-16 15:58:09:589 [32minfo[39m: [32mServer Started at Port, https://localhost:5000[39m
2021-12-16 16:01:32:132 [32minfo[39m: [32mServer Started at Port, https://localhost:5000[39m
2021-12-16 16:01:56:156 [32minfo[39m: [32mServer Started at Port, https://localhost:5000[39m
2021-12-16 16:02:26:226 [32minfo[39m: [32mServer Started at Port, https://localhost:5000[39m
2021-12-16 16:02:50:250 [32minfo[39m: [32mServer Started at Port, https://localhost:5000[39m
2021-12-16 16:07:16:716 [32minfo[39m: [32mServer Started at Port, https://localhost:5000[39m
2021-12-16 16:19:29:1929 [32minfo[39m: [32mServer Started at Port, https://localhost:5000[39m
2021-12-16 16:20:07:207 [32minfo[39m: [32mServer Started at Port, https://localhost:5000[39m
2021-12-16 16:26:38:2638 [32minfo[39m: [32mServer Started at Port, https://localhost:5000[39m
2021-12-16 16:27:48:2748 [32minfo[39m: [32mServer Started at Port, https://localhost:5000[39m
2021-12-16 16:28:24:2824 [32minfo[39m: [32mServer Started at Port, https://localhost:5000[39m
2021-12-16 16:36:48:3648 [32minfo[39m: [32mServer Started at Port, https://localhost:5000[39m
2021-12-16 16:39:28:3928 [32minfo[39m: [32mServer Started at Port, https://localhost:5000[39m
2021-12-16 16:41:04:414 [32minfo[39m: [32mServer Started at Port, https://localhost:5000[39m
2021-12-16 16:42:05:425 [32minfo[39m: [32mServer Started at Port, https://localhost:5000[39m
2021-12-16 16:49:26:4926 [32minfo[39m: [32mServer Started at Port, https://localhost:5000[39m
2021-12-16 16:50:29:5029 [32minfo[39m: [32mServer Started at Port, https://localhost:5000[39m
2021-12-16 16:54:02:542 [32minfo[39m: [32mServer Started at Port, https://localhost:5000[39m
2021-12-16 16:56:02:562 [32minfo[39m: [32mServer Started at Port, https://localhost:5000[39m
2021-12-16 16:58:13:5813 [32minfo[39m: [32mServer Started at Port, https://localhost:5000[39m
2021-12-16 17:00:03:03 [32minfo[39m: [32mServer Started at Port, https://localhost:5000[39m
2021-12-16 17:03:16:316 [32minfo[39m: [32mServer Started at Port, https://localhost:5000[39m
2021-12-16 17:05:20:520 [32minfo[39m: [32mServer Started at Port, https://localhost:5000[39m
2021-12-16 17:11:05:115 [32minfo[39m: [32mServer Started at Port, https://localhost:5000[39m
2021-12-16 17:13:44:1344 [32minfo[39m: [32mServer Started at Port, https://localhost:5000[39m
2021-12-16 20:43:04:434 [32minfo[39m: [32mServer Started at Port, https://localhost:5000[39m
2021-12-16 20:44:40:4440 [32minfo[39m: [32mServer Started at Port, https://localhost:5000[39m
2021-12-16 20:46:54:4654 [32minfo[39m: [32mServer Started at Port, https://localhost:5000[39m
2021-12-16 20:49:39:4939 [32minfo[39m: [32mServer Started at Port, https://localhost:5000[39m
2021-12-16 23:35:24:3524 [32minfo[39m: [32mServer Started at Port, https://localhost:5000[39m
2021-12-16 23:41:16:4116 [32minfo[39m: [32mServer Started at Port, https://localhost:5000[39m
2021-12-16 23:57:51:5751 [32minfo[39m: [32mServer Started at Port, https://localhost:5000[39m
2021-12-17 00:02:37:237 [32minfo[39m: [32mServer Started at Port, https://localhost:5000[39m
2021-12-17 00:05:30:530 [32minfo[39m: [32mServer Started at Port, https://localhost:5000[39m
2021-12-17 00:05:34:534 [32minfo[39m: [32mHome route hit[39m
2021-12-17 00:09:32:932 [32minfo[39m: [32mServer Started at Port, https://localhost:5000[39m
2021-12-17 00:12:38:1238 [32minfo[39m: [32mServer Started at Port, https://localhost:5000[39m
2021-12-17 00:15:40:1540 [32minfo[39m: [32mServer Started at Port, https://localhost:5000[39m
2021-12-17 00:21:27:2127 [32minfo[39m: [32mServer Started at Port, https://localhost:5000[39m
2021-12-17 08:34:37:3437 [32minfo[39m: [32mServer Started at Port, https://localhost:5000[39m
2021-12-17 08:40:38:4038 [32minfo[39m: [32mServer Started at Port, https://localhost:5000[39m
2021-12-17 08:51:40:5140 [32minfo[39m: [32mServer Started at Port, https://localhost:5000[39m
2021-12-17 08:53:11:5311 [32minfo[39m: [32mServer Started at Port, https://localhost:5000[39m
2021-12-17 19:57:11:5711 [32minfo[39m: [32mServer Started at Port, https://localhost:5000[39m
2021-12-28 08:55:30:5530 [32minfo[39m: [32mServer Started at Port, https://localhost:5000[39m
2021-12-28 08:56:15:5615 [32minfo[39m: [32mServer Started at Port, https://localhost:5000[39m
2021-12-28 08:56:36:5636 [32minfo[39m: [32mServer Started at Port, https://localhost:5000[39m
2021-12-28 09:03:36:336 [32minfo[39m: [32mServer Started at Port, https://localhost:5000[39m
2021-12-28 09:04:10:410 [32minfo[39m: [32mServer Started at Port, https://localhost:5000[39m
2021-12-28 10:37:38:3738 [32minfo[39m: [32mServer Started at Port, https://localhost:5000[39m
2021-12-28 10:41:27:4127 [32minfo[39m: [32mServer Started at Port, https://localhost:5000[39m
2021-12-28 11:52:03:523 [32minfo[39m: [32mServer Started at Port, https://localhost:5000[39m
2021-12-28 11:57:34:5734 [32minfo[39m: [32mServer Started at Port, https://localhost:5000[39m
2021-12-28 11:58:44:5844 [32minfo[39m: [32mServer Started at Port, https://localhost:5000[39m
2021-12-28 12:01:28:128 [32minfo[39m: [32mServer Started at Port, https://localhost:5000[39m
2021-12-28 12:02:51:251 [32minfo[39m: [32mServer Started at Port, https://localhost:5000[39m
2021-12-28 12:06:18:618 [32minfo[39m: [32mServer Started at Port, https://localhost:5000[39m
2021-12-28 12:08:23:823 [32minfo[39m: [32mServer Started at Port, https://localhost:5000[39m
2021-12-28 12:10:33:1033 [32minfo[39m: [32mServer Started at Port, https://localhost:5000[39m
2021-12-28 12:58:08:588 [32minfo[39m: [32mServer Started at Port, https://localhost:5000[39m
2021-12-28 12:59:55:5955 [32minfo[39m: [32mServer Started at Port, https://localhost:5000[39m
2021-12-28 13:02:30:230 [32minfo[39m: [32mServer Started at Port, https://localhost:5000[39m
2021-12-28 13:03:32:332 [32minfo[39m: [32mServer Started at Port, https://localhost:5000[39m
2021-12-28 13:09:15:915 [32minfo[39m: [32mServer Started at Port, https://localhost:5000[39m
2021-12-28 13:11:32:1132 [32minfo[39m: [32mServer Started at Port, https://localhost:5000[39m
2021-12-28 13:13:54:1354 [32minfo[39m: [32mServer Started at Port, https://localhost:5000[39m
2021-12-28 13:21:27:2127 [32minfo[39m: [32mServer Started at Port, https://localhost:5000[39m
2021-12-28 13:23:41:2341 [32minfo[39m: [32mServer Started at Port, https://localhost:5000[39m
2021-12-28 13:24:42:2442 [32minfo[39m: [32mServer Started at Port, https://localhost:5000[39m
2021-12-28 13:26:01:261 [32minfo[39m: [32mServer Started at Port, https://localhost:5000[39m
2021-12-28 13:26:47:2647 [32minfo[39m: [32mServer Started at Port, https://localhost:5000[39m
2021-12-28 13:27:28:2728 [32minfo[39m: [32mServer Started at Port, https://localhost:5000[39m
2021-12-28 13:32:08:328 [32minfo[39m: [32mServer Started at Port, https://localhost:5000[39m
2021-12-28 13:35:32:3532 [32minfo[39m: [32mServer Started at Port, https://localhost:5000[39m
2021-12-28 13:38:22:3822 [32minfo[39m: [32mServer Started at Port, https://localhost:5000[39m
2021-12-28 13:39:59:3959 [32minfo[39m: [32mServer Started at Port, https://localhost:5000[39m
2021-12-28 17:35:33:3533 [32minfo[39m: [32mServer Started at Port, https://localhost:5000[39m
2021-12-28 17:36:46:3646 [32minfo[39m: [32mServer Started at Port, https://localhost:5000[39m
2021-12-28 17:37:04:374 [32minfo[39m: [32mServer Started at Port, https://localhost:5000[39m
2021-12-28 17:38:57:3857 [32minfo[39m: [32mServer Started at Port, https://localhost:5000[39m
2021-12-28 20:31:39:3139 [32minfo[39m: [32mServer Started at Port, https://localhost:5000[39m
2021-12-28 20:32:51:3251 [32minfo[39m: [32mServer Started at Port, https://localhost:5000[39m
2021-12-28 20:34:37:3437 [32minfo[39m: [32mServer Started at Port, https://localhost:5000[39m
2021-12-28 21:28:36:2836 [32minfo[39m: [32mServer Started at Port, https://localhost:5000[39m
2021-12-28 21:42:18:4218 [32minfo[39m: [32mServer Started at Port, https://localhost:5000[39m
2021-12-29 06:30:13:3013 [32minfo[39m: [32mServer Started at Port, https://localhost:5000[39m
2021-12-29 07:50:33:5033 [32minfo[39m: [32mServer Started at Port, https://localhost:5000[39m
2021-12-29 07:56:12:5612 [32minfo[39m: [32mServer Started at Port, https://localhost:5000[39m
2021-12-29 08:00:52:052 [32minfo[39m: [32mServer Started at Port, https://localhost:5000[39m
2021-12-29 08:02:14:214 [32minfo[39m: [32mServer Started at Port, https://localhost:5000[39m
2021-12-29 08:03:02:32 [32minfo[39m: [32mServer Started at Port, https://localhost:5000[39m
2021-12-29 08:05:44:544 [32minfo[39m: [32mServer Started at Port, https://localhost:5000[39m
2021-12-29 08:08:24:824 [32minfo[39m: [32mServer Started at Port, https://localhost:5000[39m
2021-12-29 08:08:43:843 [32minfo[39m: [32mServer Started at Port, https://localhost:5000[39m
2021-12-29 08:11:16:1116 [32minfo[39m: [32mServer Started at Port, https://localhost:5000[39m
2021-12-29 08:17:28:1728 [32minfo[39m: [32mServer Started at Port, https://localhost:5000[39m
2021-12-29 08:22:45:2245 [32minfo[39m: [32mServer Started at Port, https://localhost:5000[39m
2021-12-29 08:26:03:263 [32minfo[39m: [32mServer Started at Port, https://localhost:5000[39m
2021-12-29 09:28:32:2832 [32minfo[39m: [32mServer Started at Port, https://localhost:5000[39m
2021-12-29 10:12:00:120 [32minfo[39m: [32mServer Started at Port, https://localhost:5000[39m
2021-12-29 10:15:38:1538 [32minfo[39m: [32mServer Started at Port, https://localhost:5000[39m
2021-12-29 13:22:53:2253 [32minfo[39m: [32mServer Started at Port, https://localhost:5000[39m
2021-12-29 13:23:25:2325 [32minfo[39m: [32mServer Started at Port, https://localhost:5000[39m
2021-12-29 13:24:02:242 [32minfo[39m: [32mServer Started at Port, https://localhost:5000[39m
2021-12-29 13:24:29:2429 [32minfo[39m: [32mServer Started at Port, https://localhost:5000[39m
2021-12-29 13:29:52:2952 [32minfo[39m: [32mServer Started at Port, https://localhost:5000[39m
2021-12-29 13:34:44:3444 [32minfo[39m: [32mServer Started at Port, https://localhost:5000[39m
2021-12-29 13:48:27:4827 [32minfo[39m: [32mServer Started at Port, https://localhost:5000[39m
2021-12-29 13:55:18:5518 [32minfo[39m: [32mServer Started at Port, https://localhost:5000[39m
2021-12-29 13:57:13:5713 [32minfo[39m: [32mServer Started at Port, https://localhost:5000[39m
2021-12-29 13:59:22:5922 [32minfo[39m: [32mServer Started at Port, https://localhost:5000[39m
2021-12-29 13:59:42:5942 [32minfo[39m: [32mServer Started at Port, https://localhost:5000[39m
2021-12-29 14:01:54:154 [32minfo[39m: [32mServer Started at Port, https://localhost:5000[39m
2021-12-29 14:05:11:511 [32minfo[39m: [32mServer Started at Port, https://localhost:5000[39m
2021-12-29 14:05:47:547 [32minfo[39m: [32mServer Started at Port, https://localhost:5000[39m
2021-12-29 14:06:41:641 [32minfo[39m: [32mServer Started at Port, https://localhost:5000[39m
2021-12-29 14:08:20:820 [32minfo[39m: [32mServer Started at Port, https://localhost:5000[39m
2021-12-29 14:09:21:921 [32minfo[39m: [32mServer Started at Port, https://localhost:5000[39m
2021-12-29 14:10:11:1011 [32minfo[39m: [32mServer Started at Port, https://localhost:5000[39m
2021-12-29 14:11:53:1153 [32minfo[39m: [32mServer Started at Port, https://localhost:5000[39m
2021-12-29 14:13:58:1358 [32minfo[39m: [32mServer Started at Port, https://localhost:5000[39m
2022-08-10 06:09:48:948 [32minfo[39m: [32mServer Started at Port, https://localhost:5000[39m
2022-08-10 06:10:00:100 [32minfo[39m: [32mHome route hit[39m
2022-08-10 06:14:40:1440 [32minfo[39m: [32mServer Started at Port, https://localhost:5000[39m
2022-08-10 06:15:43:1543 [32minfo[39m: [32mServer Started at Port, https://localhost:5000[39m
2022-08-10 06:18:45:1845 [32minfo[39m: [32mServer Started at Port, https://localhost:5000[39m
2022-08-10 06:18:55:1855 [32minfo[39m: [32mServer Started at Port, https://localhost:5000[39m
2022-08-10 06:22:48:2248 [32minfo[39m: [32mServer Started at Port, https://localhost:5000[39m
2022-08-10 06:25:02:252 [32minfo[39m: [32mServer Started at Port, https://localhost:5000[39m
2022-08-10 06:25:15:2515 [32minfo[39m: [32mServer Started at Port, https://localhost:5000[39m
2022-08-10 06:25:27:2527 [32minfo[39m: [32mServer Started at Port, https://localhost:5000[39m
2022-08-10 06:39:45:3945 [32minfo[39m: [32mServer Started at Port, https://localhost:5000[39m
2022-08-10 06:40:14:4014 [32minfo[39m: [32mServer Started at Port, https://localhost:5000[39m
2022-08-10 06:40:45:4045 [32minfo[39m: [32mServer Started at Port, https://localhost:5000[39m
2022-08-10 06:41:34:4134 [32minfo[39m: [32mServer Started at Port, https://localhost:5000[39m
2022-08-10 06:41:54:4154 [32minfo[39m: [32mServer Started at Port, https://localhost:5000[39m
2022-08-10 06:42:26:4226 [32minfo[39m: [32mServer Started at Port, https://localhost:5000[39m
2022-08-10 06:44:13:4413 [32minfo[39m: [32mServer Started at Port, https://localhost:5000[39m
2022-08-10 06:44:52:4452 [32minfo[39m: [32mServer Started at Port, https://localhost:5000[39m
2022-08-10 06:45:52:4552 [32minfo[39m: [32mServer Started at Port, https://localhost:5000[39m
2022-08-10 06:50:14:5014 [32minfo[39m: [32mServer Started at Port, https://localhost:5000[39m
2022-08-10 06:54:30:5430 [32minfo[39m: [32mServer Started at Port, https://localhost:5000[39m
2022-08-10 06:55:12:5512 [32minfo[39m: [32mServer Started at Port, https://localhost:5000[39m
2022-08-10 08:21:04:214 [32minfo[39m: [32mServer Started at Port, https://localhost:5000[39m
2022-08-10 08:21:19:2119 [32minfo[39m: [32mServer Started at Port, https://localhost:5000[39m
2022-08-10 08:24:20:2420 [32minfo[39m: [32mServer Started at Port, https://localhost:5000[39m
2022-08-10 08:31:53:3153 [32minfo[39m: [32mServer Started at Port, https://localhost:5000[39m
2022-08-10 08:32:32:3232 [32minfo[39m: [32mServer Started at Port, https://localhost:5000[39m
2022-08-10 08:33:01:331 [32minfo[39m: [32mServer Started at Port, https://localhost:5000[39m
2022-08-10 08:41:41:4141 [32minfo[39m: [32mServer Started at Port, https://localhost:5000[39m
2022-08-10 08:42:08:428 [32minfo[39m: [32mServer Started at Port, https://localhost:5000[39m
2022-08-10 08:42:52:4252 [32minfo[39m: [32mServer Started at Port, https://localhost:5000[39m
2022-08-10 08:43:29:4329 [32minfo[39m: [32mServer Started at Port, https://localhost:5000[39m
2022-08-10 08:44:17:4417 [32minfo[39m: [32mServer Started at Port, https://localhost:5000[39m
2022-08-10 08:45:51:4551 [32minfo[39m: [32mServer Started at Port, https://localhost:5000[39m
2022-08-10 08:46:19:4619 [32minfo[39m: [32mServer Started at Port, https://localhost:5000[39m
2022-08-10 08:46:28:4628 [32minfo[39m: [32mServer Started at Port, https://localhost:5000[39m
2022-08-10 08:47:07:477 [32minfo[39m: [32mServer Started at Port, https://localhost:5000[39m
2022-08-10 08:47:32:4732 [32minfo[39m: [32mServer Started at Port, https://localhost:5000[39m
2022-08-10 08:48:08:488 [32minfo[39m: [32mServer Started at Port, https://localhost:5000[39m
2022-08-10 08:49:32:4932 [32minfo[39m: [32mServer Started at Port, https://localhost:5000[39m
2022-08-10 08:50:02:502 [32minfo[39m: [32mServer Started at Port, https://localhost:5000[39m
2022-08-10 08:50:57:5057 [32minfo[39m: [32mServer Started at Port, https://localhost:5000[39m
2022-08-10 10:23:02:232 [32minfo[39m: [32mServer Started at Port, https://localhost:5000[39m
2022-08-10 10:24:21:2421 [32minfo[39m: [32mServer Started at Port, https://localhost:5000[39m
2022-08-10 10:24:34:2434 [32minfo[39m: [32mServer Started at Port, https://localhost:5000[39m
2022-08-10 10:31:24:3124 [32minfo[39m: [32mServer Started at Port, https://localhost:5000[39m
2022-08-10 10:31:33:3133 [32minfo[39m: [32mServer Started at Port, https://localhost:5000[39m
2022-08-10 10:31:45:3145 [32minfo[39m: [32mServer Started at Port, https://localhost:5000[39m
2022-08-10 10:39:31:3931 [32minfo[39m: [32mServer Started at Port, https://localhost:5000[39m
2022-08-10 10:40:08:408 [32minfo[39m: [32mServer Started at Port, https://localhost:5000[39m
2022-08-10 10:41:16:4116 [32minfo[39m: [32mServer Started at Port, https://localhost:5000[39m
2022-08-10 10:49:20:4920 [32minfo[39m: [32mServer Started at Port, https://localhost:5000[39m
2022-08-10 10:53:48:5348 [32minfo[39m: [32mServer Started at Port, https://localhost:5000[39m
2022-08-10 10:53:54:5354 [32minfo[39m: [32mServer Started at Port, http://localhost:5000[39m
2022-08-10 10:53:55:5355 [32minfo[39m: [32mHome route hit[39m
2022-08-10 10:56:16:5616 [32minfo[39m: [32mServer Started at Port, http://localhost:5000[39m
2022-08-10 10:57:12:5712 [32minfo[39m: [32mServer Started at Port, http://localhost:5000[39m
2022-08-10 10:58:18:5818 [32minfo[39m: [32mServer Started at Port, http://localhost:5000[39m
2022-08-10 11:00:22:022 [32minfo[39m: [32mServer Started at Port, http://localhost:5000[39m
2022-08-10 11:01:28:128 [32minfo[39m: [32mServer Started at Port, http://localhost:5000[39m
2022-08-10 11:03:06:36 [32minfo[39m: [32mServer Started at Port, http://localhost:5000[39m
2022-08-10 11:05:28:528 [32minfo[39m: [32mServer Started at Port, http://localhost:5000[39m
2022-08-10 11:06:31:631 [32minfo[39m: [32mServer Started at Port, http://localhost:5000[39m
2022-08-10 11:07:14:714 [32minfo[39m: [32mServer Started at Port, http://localhost:5000[39m
2022-08-10 11:08:21:821 [32minfo[39m: [32mServer Started at Port, http://localhost:5000[39m
2022-08-10 11:08:33:833 [32minfo[39m: [32mServer Started at Port, http://localhost:5000[39m
2022-08-10 11:23:22:2322 [32minfo[39m: [32mServer Started at Port, http://localhost:5000[39m
2022-08-10 11:25:00:250 [32minfo[39m: [32mServer Started at Port, http://localhost:5000[39m
2022-08-10 11:25:34:2534 [32minfo[39m: [32mServer Started at Port, http://localhost:5000[39m
2022-08-10 11:25:44:2544 [32minfo[39m: [32mServer Started at Port, http://localhost:5000[39m
2022-08-10 11:26:48:2648 [32minfo[39m: [32mServer Started at Port, http://localhost:5000[39m
2022-08-10 11:27:46:2746 [32minfo[39m: [32mServer Started at Port, http://localhost:5000[39m
2022-08-10 11:32:22:3222 [32minfo[39m: [32mServer Started at Port, http://localhost:5000[39m
2022-08-10 11:32:56:3256 [32minfo[39m: [32mServer Started at Port, http://localhost:5000[39m
2022-08-10 11:33:34:3334 [32minfo[39m: [32mServer Started at Port, http://localhost:5000[39m
2022-08-10 11:34:29:3429 [32minfo[39m: [32mServer Started at Port, http://localhost:5000[39m
2022-08-10 11:37:00:370 [32minfo[39m: [32mServer Started at Port, http://localhost:5000[39m
2022-08-10 11:37:16:3716 [32minfo[39m: [32mServer Started at Port, http://localhost:5000[39m
2022-08-10 11:39:30:3930 [32minfo[39m: [32mServer Started at Port, http://localhost:5000[39m
2022-08-10 12:01:09:19 [32minfo[39m: [32mServer Started at Port, http://localhost:5000[39m
2022-08-10 12:01:20:120 [32minfo[39m: [32mServer Started at Port, http://localhost:5000[39m
2022-08-10 12:02:42:242 [32minfo[39m: [32mServer Started at Port, http://localhost:5000[39m
2022-08-10 12:02:46:246 [32minfo[39m: [32mServer Started at Port, http://localhost:5000[39m
2022-08-10 12:03:00:30 [32minfo[39m: [32mServer Started at Port, http://localhost:5000[39m
2022-08-10 12:03:13:313 [32minfo[39m: [32mServer Started at Port, http://localhost:5000[39m
2022-08-10 12:05:50:550 [32minfo[39m: [32mServer Started at Port, http://localhost:5000[39m
2022-08-10 12:32:34:3234 [32minfo[39m: [32mServer Started at Port, http://localhost:5000[39m
2022-08-10 12:33:28:3328 [32minfo[39m: [32mServer Started at Port, http://localhost:5000[39m
2022-08-10 12:35:12:3512 [32minfo[39m: [32mServer Started at Port, http://localhost:5000[39m
2022-08-10 12:46:00:460 [32minfo[39m: [32mServer Started at Port, http://localhost:5000[39m
2022-08-10 12:46:24:4624 [32minfo[39m: [32mServer Started at Port, http://localhost:5000[39m
2022-08-10 13:36:45:3645 [32minfo[39m: [32mServer Started at Port, http://localhost:5000[39m
2022-08-10 13:36:51:3651 [32minfo[39m: [32mServer Started at Port, http://localhost:5000[39m
2022-08-10 13:37:45:3745 [32minfo[39m: [32mServer Started at Port, http://localhost:5000[39m
2022-08-10 13:39:06:396 [32minfo[39m: [32mServer Started at Port, http://localhost:5000[39m
2022-08-10 13:40:47:4047 [32minfo[39m: [32mServer Started at Port, http://localhost:5000[39m
2022-08-10 13:41:17:4117 [32minfo[39m: [32mServer Started at Port, http://localhost:5000[39m
2022-08-10 13:41:31:4131 [32minfo[39m: [32mServer Started at Port, http://localhost:5000[39m
2022-08-10 13:44:52:4452 [32minfo[39m: [32mServer Started at Port, http://localhost:5000[39m
2022-08-10 13:46:47:4647 [32minfo[39m: [32mServer Started at Port, http://localhost:5000[39m
2022-08-10 13:47:48:4748 [32minfo[39m: [32mServer Started at Port, http://localhost:5000[39m
2022-08-10 13:48:20:4820 [32minfo[39m: [32mServer Started at Port, http://localhost:5000[39m
2022-08-10 13:48:44:4844 [32minfo[39m: [32mServer Started at Port, http://localhost:5000[39m
2022-08-10 13:49:08:498 [32minfo[39m: [32mServer Started at Port, http://localhost:5000[39m
2022-08-10 13:49:58:4958 [32minfo[39m: [32mServer Started at Port, http://localhost:5000[39m
2022-08-10 15:42:54:4254 [32minfo[39m: [32mServer Started at Port, http://localhost:5000[39m
2022-08-10 15:43:41:4341 [32minfo[39m: [32mServer Started at Port, http://localhost:5000[39m
2022-08-10 15:44:14:4414 [32minfo[39m: [32mServer Started at Port, http://localhost:5000[39m
2022-08-10 15:44:52:4452 [32minfo[39m: [32mServer Started at Port, http://localhost:5000[39m
2022-08-10 15:45:54:4554 [32minfo[39m: [32mServer Started at Port, http://localhost:5000[39m
2022-08-10 15:46:11:4611 [32minfo[39m: [32mServer Started at Port, http://localhost:5000[39m
2022-08-10 15:46:58:4658 [32minfo[39m: [32mServer Started at Port, http://localhost:5000[39m
2022-08-10 15:47:04:474 [32minfo[39m: [32mServer Started at Port, http://localhost:5000[39m
2022-08-10 15:48:58:4858 [32minfo[39m: [32mServer Started at Port, http://localhost:5000[39m
2022-08-10 15:49:22:4922 [32minfo[39m: [32mServer Started at Port, http://localhost:5000[39m
2022-08-10 15:49:41:4941 [32minfo[39m: [32mServer Started at Port, http://localhost:5000[39m
2022-08-10 15:54:06:546 [32minfo[39m: [32mServer Started at Port, http://localhost:5000[39m
2022-08-10 15:55:07:557 [32minfo[39m: [32mServer Started at Port, http://localhost:5000[39m
2022-08-10 15:55:57:5557 [32minfo[39m: [32mServer Started at Port, http://localhost:5000[39m
2022-08-10 15:57:01:571 [32minfo[39m: [32mServer Started at Port, http://localhost:5000[39m
2022-08-10 15:57:45:5745 [32minfo[39m: [32mServer Started at Port, http://localhost:5000[39m
2022-08-10 15:58:25:5825 [32minfo[39m: [32mServer Started at Port, http://localhost:5000[39m
2022-08-10 15:58:46:5846 [32minfo[39m: [32mServer Started at Port, http://localhost:5000[39m
2022-08-10 16:01:16:116 [32minfo[39m: [32mServer Started at Port, http://localhost:5000[39m
2022-08-10 16:02:08:28 [32minfo[39m: [32mServer Started at Port, http://localhost:5000[39m
2022-08-10 16:02:27:227 [32minfo[39m: [32mServer Started at Port, http://localhost:5000[39m
2022-08-10 16:09:01:91 [32minfo[39m: [32mServer Started at Port, http://localhost:5000[39m
2022-08-10 16:09:41:941 [32minfo[39m: [32mServer Started at Port, http://localhost:5000[39m
2022-08-10 16:10:18:1018 [32minfo[39m: [32mServer Started at Port, http://localhost:5000[39m
2022-08-19 07:28:32:2832 [32minfo[39m: [32mServer Started at Port, http://localhost:5000[39m
2022-08-19 07:28:34:2834 [32minfo[39m: [32mHome route hit[39m
2022-08-19 07:29:44:2944 [32minfo[39m: [32mServer Started at Port, http://localhost:5000[39m
2022-08-19 07:31:06:316 [32minfo[39m: [32mServer Started at Port, http://localhost:5000[39m
2022-08-19 07:33:20:3320 [32minfo[39m: [32mServer Started at Port, http://localhost:5000[39m
2022-08-19 07:35:34:3534 [32minfo[39m: [32mServer Started at Port, http://localhost:5000[39m
2022-08-19 07:36:39:3639 [32minfo[39m: [32mServer Started at Port, http://localhost:5000[39m
2022-08-19 07:37:43:3743 [32minfo[39m: [32mServer Started at Port, http://localhost:5000[39m
2022-08-19 07:39:25:3925 [32minfo[39m: [32mServer Started at Port, http://localhost:5000[39m
2022-08-19 07:39:55:3955 [32minfo[39m: [32mServer Started at Port, http://localhost:5000[39m
2022-08-19 07:40:50:4050 [32minfo[39m: [32mServer Started at Port, http://localhost:5000[39m
2022-08-19 08:05:43:543 [32minfo[39m: [32mServer Started at Port, http://localhost:5000[39m
2022-08-19 13:30:28:3028 [32minfo[39m: [32mServer Started at Port, http://localhost:5000[39m
2022-08-19 13:36:47:3647 [32minfo[39m: [32mServer Started at Port, http://localhost:5000[39m
2022-08-19 13:37:35:3735 [32minfo[39m: [32mServer Started at Port, http://localhost:5000[39m
2022-08-19 13:39:24:3924 [32minfo[39m: [32mServer Started at Port, http://localhost:5000[39m
2022-08-19 13:42:14:4214 [32minfo[39m: [32mServer Started at Port, http://localhost:5000[39m
2022-08-19 13:43:47:4347 [32minfo[39m: [32mServer Started at Port, http://localhost:5000[39m
2022-08-19 13:44:19:4419 [32minfo[39m: [32mServer Started at Port, http://localhost:5000[39m
2022-08-19 13:44:56:4456 [32minfo[39m: [32mServer Started at Port, http://localhost:5000[39m
2022-08-19 13:45:17:4517 [32minfo[39m: [32mServer Started at Port, http://localhost:5000[39m
2022-08-19 13:49:05:495 [32minfo[39m: [32mServer Started at Port, http://localhost:5000[39m
2022-08-19 15:42:16:4216 [32minfo[39m: [32mServer Started at Port, http://localhost:5000[39m
2022-08-19 15:42:24:4224 [32minfo[39m: [32mServer Started at Port, http://localhost:5000[39m
2022-08-19 15:43:32:4332 [32minfo[39m: [32mServer Started at Port, http://localhost:5000[39m
2022-08-19 15:44:39:4439 [32minfo[39m: [32mServer Started at Port, http://localhost:5000[39m
2022-08-19 15:46:03:463 [32minfo[39m: [32mServer Started at Port, http://localhost:5000[39m
2022-08-19 15:46:25:4625 [32minfo[39m: [32mServer Started at Port, http://localhost:5000[39m
2022-08-19 15:46:53:4653 [32minfo[39m: [32mServer Started at Port, http://localhost:5000[39m
2022-08-19 15:47:27:4727 [32minfo[39m: [32mServer Started at Port, http://localhost:5000[39m
2022-08-19 15:47:33:4733 [32minfo[39m: [32mServer Started at Port, http://localhost:5000[39m
2022-08-19 15:48:20:4820 [32minfo[39m: [32mServer Started at Port, http://localhost:5000[39m
2022-08-19 15:51:07:517 [32minfo[39m: [32mServer Started at Port, http://localhost:5000[39m
2022-08-19 15:58:22:5822 [32minfo[39m: [32mServer Started at Port, http://localhost:5000[39m
2022-08-19 15:59:42:5942 [32minfo[39m: [32mServer Started at Port, http://localhost:5000[39m
2022-08-19 16:09:04:94 [32minfo[39m: [32mServer Started at Port, http://localhost:5000[39m
2022-08-19 16:10:08:108 [32minfo[39m: [32mServer Started at Port, http://localhost:5000[39m
2022-08-19 16:11:25:1125 [32minfo[39m: [32mServer Started at Port, http://localhost:5000[39m
2022-08-19 16:12:12:1212 [32minfo[39m: [32mServer Started at Port, http://localhost:5000[39m
2022-08-19 16:17:52:1752 [32minfo[39m: [32mServer Started at Port, http://localhost:5000[39m
2022-08-19 16:32:19:3219 [32minfo[39m: [32mServer Started at Port, http://localhost:5000[39m
2022-08-19 16:34:11:3411 [32minfo[39m: [32mServer Started at Port, http://localhost:5000[39m
2022-08-19 16:43:58:4358 [32minfo[39m: [32mServer Started at Port, http://localhost:5000[39m
2022-08-19 16:45:00:450 [32minfo[39m: [32mServer Started at Port, http://localhost:5000[39m
2022-08-19 16:45:08:458 [32minfo[39m: [32mServer Started at Port, http://localhost:5000[39m
2022-08-19 16:45:51:4551 [32minfo[39m: [32mServer Started at Port, http://localhost:5000[39m
2022-08-19 16:46:29:4629 [32minfo[39m: [32mServer Started at Port, http://localhost:5000[39m
2022-08-19 16:49:36:4936 [32minfo[39m: [32mServer Started at Port, http://localhost:5000[39m
2022-08-19 16:49:51:4951 [32minfo[39m: [32mServer Started at Port, http://localhost:5000[39m
2022-08-19 16:50:06:506 [32minfo[39m: [32mServer Started at Port, http://localhost:5000[39m
2022-08-19 16:50:49:5049 [32minfo[39m: [32mServer Started at Port, http://localhost:5000[39m
2022-08-19 16:51:07:517 [32minfo[39m: [32mServer Started at Port, http://localhost:5000[39m
2022-08-19 16:51:24:5124 [32minfo[39m: [32mServer Started at Port, http://localhost:5000[39m
2022-08-19 16:52:08:528 [32minfo[39m: [32mServer Started at Port, http://localhost:5000[39m
2022-08-19 16:52:46:5246 [32minfo[39m: [32mServer Started at Port, http://localhost:5000[39m
2022-08-19 17:23:32:2332 [32minfo[39m: [32mServer Started at Port, http://localhost:5000[39m
2022-08-19 17:24:08:248 [32minfo[39m: [32mServer Started at Port, http://localhost:5000[39m
2022-08-19 17:25:55:2555 [32minfo[39m: [32mServer Started at Port, http://localhost:5000[39m
2022-08-19 17:28:02:282 [32minfo[39m: [32mServer Started at Port, http://localhost:5000[39m
2022-08-19 17:37:55:3755 [32minfo[39m: [32mServer Started at Port, http://localhost:5000[39m
2022-08-19 19:01:25:125 [32minfo[39m: [32mServer Started at Port, http://localhost:5000[39m
2022-08-19 19:03:25:325 [32minfo[39m: [32mServer Started at Port, http://localhost:5000[39m
2022-08-19 19:05:23:523 [32minfo[39m: [32mServer Started at Port, http://localhost:5000[39m
2022-08-19 19:05:59:559 [32minfo[39m: [32mServer Started at Port, http://localhost:5000[39m
2022-08-19 19:07:16:716 [32minfo[39m: [32mServer Started at Port, http://localhost:5000[39m
2022-08-19 20:26:44:2644 [32minfo[39m: [32mServer Started at Port, http://localhost:5000[39m
2022-08-19 20:33:14:3314 [32minfo[39m: [32mServer Started at Port, http://localhost:5000[39m
2022-08-19 20:36:55:3655 [32minfo[39m: [32mServer Started at Port, http://localhost:5000[39m
2022-08-19 20:37:34:3734 [32minfo[39m: [32mServer Started at Port, http://localhost:5000[39m
2022-08-19 20:43:21:4321 [32minfo[39m: [32mServer Started at Port, http://localhost:5000[39m
2022-08-19 20:43:33:4333 [32minfo[39m: [32mServer Started at Port, http://localhost:5000[39m
2022-08-19 20:44:58:4458 [32minfo[39m: [32mServer Started at Port, http://localhost:5000[39m
2022-08-19 20:54:24:5424 [32minfo[39m: [32mServer Started at Port, http://localhost:5000[39m
2022-08-19 20:54:42:5442 [32minfo[39m: [32mServer Started at Port, http://localhost:5000[39m
2022-08-19 20:57:27:5727 [32minfo[39m: [32mServer Started at Port, http://localhost:5000[39m
2022-08-19 21:06:20:620 [32minfo[39m: [32mServer Started at Port, http://localhost:5000[39m
2022-08-19 21:07:00:70 [32minfo[39m: [32mServer Started at Port, http://localhost:5000[39m
2022-08-19 21:07:23:723 [32minfo[39m: [32mServer Started at Port, http://localhost:5000[39m
2022-08-19 22:16:57:1657 [32minfo[39m: [32mServer Started at Port, http://localhost:5000[39m
2022-08-23 05:36:53:3653 [32minfo[39m: [32mServer Started at Port, http://localhost:5000[39m
2022-08-23 12:14:23:1423 [32minfo[39m: [32mServer Started at Port, http://localhost:5000[39m
2022-08-24 09:12:48:1248 [32minfo[39m: [32mServer Started at Port, http://localhost:5000[39m
2022-08-27 12:09:25:925 [32minfo[39m: [32mServer Started at Port, http://localhost:5000[39m
2022-08-27 12:11:33:1133 [32minfo[39m: [32mServer Started at Port, http://localhost:5000[39m
2022-08-27 12:14:29:1429 [32minfo[39m: [32mServer Started at Port, http://localhost:5000[39m
2022-08-27 12:15:56:1556 [32minfo[39m: [32mServer Started at Port, http://localhost:5000[39m
2022-08-27 12:16:18:1618 [32minfo[39m: [32mServer Started at Port, http://localhost:5000[39m
2022-08-27 12:16:54:1654 [32minfo[39m: [32mServer Started at Port, http://localhost:5000[39m
2022-08-27 12:17:30:1730 [32minfo[39m: [32mServer Started at Port, http://localhost:5000[39m
2022-08-27 12:17:42:1742 [32minfo[39m: [32mServer Started at Port, http://localhost:5000[39m
2022-08-27 12:23:20:2320 [32minfo[39m: [32mServer Started at Port, http://localhost:5000[39m
2022-08-27 12:25:38:2538 [32minfo[39m: [32mServer Started at Port, http://localhost:5000[39m
2022-08-27 13:29:56:2956 [32minfo[39m: [32mServer Started at Port, http://localhost:5000[39m
2022-08-27 13:30:16:3016 [32minfo[39m: [32mServer Started at Port, http://localhost:5000[39m
2022-08-27 22:49:01:491 [32minfo[39m: [32mServer Started at Port, http://localhost:5000[39m
2022-08-28 21:18:39:1839 [32minfo[39m: [32mServer Started at Port, http://localhost:5000[39m
2022-08-28 21:18:43:1843 [32minfo[39m: [32mHome route hit[39m
2022-08-29 23:57:45:5745 [32minfo[39m: [32mServer Started at Port, http://localhost:5000[39m
2022-08-30 00:02:08:28 [32minfo[39m: [32mHome route hit[39m
2022-09-14 11:28:58:2858 [32minfo[39m: [32mServer Started at Port, http://localhost:5000[39m
2022-09-14 11:41:01:411 [32minfo[39m: [32mServer Started at Port, http://localhost:5000[39m
2022-09-14 11:41:56:4156 [32minfo[39m: [32mServer Started at Port, http://localhost:5000[39m
2022-09-14 11:42:44:4244 [32minfo[39m: [32mServer Started at Port, http://localhost:5000[39m
2022-09-14 11:43:20:4320 [32minfo[39m: [32mServer Started at Port, http://localhost:5000[39m
2022-09-14 11:44:13:4413 [32minfo[39m: [32mServer Started at Port, http://localhost:5000[39m
2022-09-14 11:45:54:4554 [32minfo[39m: [32mServer Started at Port, http://localhost:5000[39m
2022-09-14 11:46:45:4645 [32minfo[39m: [32mServer Started at Port, http://localhost:5000[39m
2022-09-14 11:47:31:4731 [32minfo[39m: [32mServer Started at Port, http://localhost:5000[39m
2022-09-14 11:48:21:4821 [32minfo[39m: [32mServer Started at Port, http://localhost:5000[39m
2022-09-14 11:49:23:4923 [32minfo[39m: [32mServer Started at Port, http://localhost:5000[39m
2022-09-16 11:29:34:2934 [32minfo[39m: [32mServer Started at Port, http://localhost:5777[39m
2022-09-16 11:29:42:2942 [32minfo[39m: [32mServer Started at Port, http://localhost:5777[39m
2022-09-16 12:17:52:1752 [32minfo[39m: [32mServer Started at Port, http://localhost:5777[39m
2022-09-16 12:19:38:1938 [32minfo[39m: [32mServer Started at Port, http://localhost:5777[39m
2022-09-16 14:53:36:5336 [32minfo[39m: [32mServer Started at Port, http://localhost:5777[39m
2022-09-16 15:09:21:921 [32minfo[39m: [32mServer Started at Port, http://localhost:5777[39m
2022-09-21 19:49:15:4915 [32minfo[39m: [32mServer Started at Port, http://localhost:5777[39m
2022-09-21 20:01:57:157 [32minfo[39m: [32mServer Started at Port, http://localhost:5777[39m
2022-09-21 20:02:05:25 [32minfo[39m: [32mServer Started at Port, http://localhost:5777[39m
2022-09-21 20:03:43:343 [32minfo[39m: [32mServer Started at Port, http://localhost:5777[39m
2022-09-21 20:04:42:442 [32minfo[39m: [32mServer Started at Port, http://localhost:5777[39m
2022-09-21 20:12:15:1215 [32minfo[39m: [32mServer Started at Port, http://localhost:5777[39m
2022-09-24 06:07:35:735 [32minfo[39m: [32mServer Started at Port, http://localhost:5777[39m
2022-09-24 15:48:48:4848 [32minfo[39m: [32mServer Started at Port, http://localhost:5777[39m
2022-09-27 04:04:05:45 [32minfo[39m: [32mServer Started at Port, http://localhost:5777[39m
2022-09-27 05:56:16:5616 [32minfo[39m: [32mServer Started at Port, http://localhost:5777[39m
2022-09-29 08:32:24:3224 [32minfo[39m: [32mServer Started at Port, http://localhost:5777[39m
2022-09-29 08:37:01:371 [32minfo[39m: [32mServer Started at Port, http://localhost:5777[39m
2022-09-29 08:38:12:3812 [32minfo[39m: [32mServer Started at Port, http://localhost:5777[39m
2022-10-13 19:16:55:1655 [32minfo[39m: [32mServer Started at Port, http://localhost:5777[39m
2022-10-13 19:17:48:1748 [32minfo[39m: [32mServer Started at Port, http://localhost:5777[39m
2022-10-13 19:18:56:1856 [32minfo[39m: [32mServer Started at Port, http://localhost:5777[39m
2022-10-13 19:19:09:199 [32minfo[39m: [32mServer Started at Port, http://localhost:5777[39m
2022-10-13 19:20:09:209 [32minfo[39m: [32mServer Started at Port, http://localhost:5777[39m
2022-10-13 19:20:47:2047 [32minfo[39m: [32mServer Started at Port, http://localhost:5777[39m
2022-10-13 19:21:27:2127 [32minfo[39m: [32mServer Started at Port, http://localhost:5777[39m
2022-10-13 19:22:19:2219 [32minfo[39m: [32mServer Started at Port, http://localhost:5777[39m
2022-10-13 19:22:43:2243 [32minfo[39m: [32mServer Started at Port, http://localhost:5777[39m
2022-10-13 19:22:55:2255 [32minfo[39m: [32mServer Started at Port, http://localhost:5777[39m
2022-10-13 19:23:32:2332 [32minfo[39m: [32mServer Started at Port, http://localhost:5777[39m
2022-10-13 19:25:21:2521 [32minfo[39m: [32mServer Started at Port, http://localhost:5777[39m
2022-10-13 20:22:25:2225 [32minfo[39m: [32mServer Started at Port, http://localhost:5777[39m
2022-10-16 10:11:52:1152 [32minfo[39m: [32mServer Started at Port, http://localhost:5777[39m
2022-10-16 10:13:21:1321 [32minfo[39m: [32mServer Started at Port, http://localhost:5777[39m
2022-10-16 10:13:42:1342 [32minfo[39m: [32mServer Started at Port, http://localhost:5777[39m
2022-10-16 10:14:27:1427 [32minfo[39m: [32mServer Started at Port, http://localhost:5777[39m
