GET /ss 404 141 - 1.724 ms
GET /ss 404 141 - 0.588 ms
[26/Nov/2021:21:45:18 +0000] GET /ss 404 141 - 1.678 ms
[26/Nov/2021:21:45:20 +0000] GET /ss 404 141 - 0.593 ms
2021-11-27 02:48:18 [26/Nov/2021:21:48:18 +0000] GET /ss 404 141 - 1.663 ms
2021-11-27 02:48:19 [26/Nov/2021:21:48:19 +0000] GET /ss 404 141 - 0.590 ms
2021-11-27 02:48:20 [26/Nov/2021:21:48:20 +0000] GET /ss 404 141 - 0.255 ms
2021-11-27 02:48:44 [26/Nov/2021:21:48:44 +0000] GET /ss 404 141 - 0.258 ms
2021-11-27 02:48:44 [26/Nov/2021:21:48:44 +0000] GET /ss 404 141 - 0.240 ms
2021-11-27 02:48:44 [26/Nov/2021:21:48:44 +0000] GET /ss 404 141 - 0.259 ms
2021-11-26 16:50:23 [26/Nov/2021:21:50:23 +0000] GET /ss 404 141 - 1.603 ms
2021-11-26 16:50:23 [26/Nov/2021:21:50:23 +0000] GET /ss 404 141 - 0.583 ms
2021-11-26 16:50:23 [26/Nov/2021:21:50:23 +0000] GET /ss 404 141 - 0.244 ms
2021-11-26 16:50:23 [26/Nov/2021:21:50:23 +0000] GET /ss 404 141 - 0.228 ms
2021-11-26 21:53:49 [26/Nov/2021:21:53:49 +0000] GET /ss 404 141 - 1.705 ms
2021-11-26 21:53:49 [26/Nov/2021:21:53:49 +0000] GET /ss 404 141 - 0.598 ms
2021-11-26 21:53:50 [26/Nov/2021:21:53:50 +0000] GET /ss 404 141 - 0.249 ms
2021-11-26 21:53:50 [26/Nov/2021:21:53:50 +0000] GET /ss 404 141 - 0.250 ms
2021-11-26 21:53:50 [26/Nov/2021:21:53:50 +0000] GET /ss 404 141 - 0.221 ms
2021-11-26 16:55:46 [26/Nov/2021:21:55:46 +0000] GET /ss 404 141 - 1.749 ms
2021-11-26 16:55:48 [26/Nov/2021:21:55:48 +0000] GET /ss 404 141 - 0.597 ms
2021-11-26 16:55:48 [26/Nov/2021:21:55:48 +0000] GET /ss 404 141 - 0.253 ms
2021-11-26 16:59:03 GET /dd 404 141 - 0.937 ms
2021-11-26 17:01:11 GET /dd 404 141 - 1.686 ms -IP ::1
2021-11-26 17:01:23 GET /dd 404 141 - 0.581 ms -IP ::1
2021-11-26 17:02:44 GET /dd 404 141 - 1.723 ms -IP::1
2021-11-26 17:02:45 GET /dd 404 141 - 0.593 ms -IP::1
2021-11-29 18:14:32 GET /favicon.ico 404 150 - 1.094 ms -IP::1
2021-11-29 18:16:44 PATCH / 404 141 - 0.535 ms -IP::1
2021-11-29 18:28:18 PATCH /tickersData 400 31 - 24021.928 ms -IP::1
2021-12-01 10:57:09 PATCH /tickersData 400 31 - 36466.420 ms -IP::1
2021-12-03 19:46:26 PATCH /notifications/test 404 159 - 1.844 ms -IP::1
2021-12-11 20:18:38 GET /v2/tickersData/winners 500 115 - 5.064 ms -IP::1
2021-12-17 20:43:14 PATCH /tickers/updateFromCoinpaprika 500 56 - 1521.378 ms -IP::1
2021-12-17 20:47:01 PATCH /tickers/updateFromCoinpaprika 500 56 - 1689.599 ms -IP::1
2021-12-17 24:04:29 PATCH /coins/updateFromCoinpaprika 500 59 - 73380.415 ms -IP::1
2021-12-17 24:06:41 PATCH /coins/updateFromCoinpaprika 500 59 - 35373.076 ms -IP::1
2021-12-17 24:08:08 PATCH /tickers/updateFromCoinpaprika 500 59 - 78970.082 ms -IP::1
2021-12-17 24:11:55 PATCH /coins/updateFromCoinpaprika 500 59 - 66003.513 ms -IP::1
2021-12-17 24:14:42 PATCH /coins/updateFromCoinpaprika 500 59 - 118086.408 ms -IP::1
2021-12-17 24:18:02 PATCH /coins/updateFromCoinpaprika 500 59 - 122238.992 ms -IP::1
2021-12-17 08:47:11 PATCH /coins/updateFromCoinpaprika 500 59 - 230429.920 ms -IP::1
2021-12-17 08:49:25 PATCH /coins/updateFromCoinpaprika 500 59 - 125916.151 ms -IP::1
2021-12-28 10:37:53 PATCH /coins/search 404 153 - 2.006 ms -IP::1
2021-12-28 10:38:08 PATCH /coins/search 404 153 - 0.868 ms -IP::1
2021-12-28 11:55:54 PATCH /tickers/updateFromCoins 500 59 - 184953.199 ms -IP::1
2021-12-28 13:23:51 GET /tickers/gainers 404 154 - 2.074 ms -IP::1
2021-12-28 13:24:03 GET /tickers/gainers/s 404 156 - 0.887 ms -IP::1
2021-12-29 20:31:47 POST /portfolio 404 149 - 1.203 ms -IP::1
2021-12-29 20:31:55 POST /portfolio/ 404 150 - 0.582 ms -IP::1
2021-12-29 07:51:25 DELETE /portfolios/61cbbac512e8e4a14f51e370 400 33 - 114.802 ms -IP::1
2021-12-29 07:52:27 POST /portfolios/ 400 48 - 0.751 ms -IP::1
2021-12-29 07:55:42 POST /portfoliosTickers/ 400 62 - 0.506 ms -IP::1
2021-12-29 07:56:16 POST /portfoliosTickers/ 500 130 - 4.864 ms -IP::1
2021-12-29 07:56:54 POST /portfoliosTickers/ 500 130 - 1.061 ms -IP::1
2021-12-29 08:00:57 POST /portfoliosTickers/ 400 52 - 331.564 ms -IP::1
2021-12-29 08:05:58 POST /portfoliosTickers/ 500 171 - 360.262 ms -IP::1
2021-12-29 08:26:10 POST /portfoliosTickersPurchases/ 404 167 - 1.278 ms -IP::1
2021-12-29 08:27:14 PATCH /portfoliosTickersPurchases/ 400 109 - 0.281 ms -IP::1
2021-12-29 08:28:22 PATCH /portfoliosTickersPurchases/ 404 50 - 99.659 ms -IP::1
2021-12-29 13:57:47 GET /tickersData/btc-bitcoin 400 114 - 6.094 ms -IP::1
2021-12-29 13:59:46 GET /tickersData/btc-bitcoin 400 49 - 779.107 ms -IP::1
2021-12-29 14:01:57 GET /tickersData/btc-bitcoin 400 49 - 673.159 ms -IP::1
2021-12-29 14:08:23 GET /tickersData/btc-bitcoin 400 49 - 1455.651 ms -IP::1
2021-12-29 14:09:26 GET /tickersData/btc-bitcoin 400 49 - 1379.680 ms -IP::1
2022-08-10 06:10:01 GET /favicon.ico 404 150 - 0.959 ms -IP::1
2022-08-10 06:21:52 GET /stripe/customer-id 404 157 - 1.101 ms -IP::ffff:127.0.0.1
2022-08-10 06:40:16 POST /stripe/customer-id 400 35 - 500.213 ms -IP::ffff:127.0.0.1
2022-08-10 06:41:01 POST /stripe/customer-id 400 35 - 421.429 ms -IP::ffff:127.0.0.1
2022-08-10 06:41:39 POST /stripe/customer-id 400 35 - 403.341 ms -IP::ffff:127.0.0.1
2022-08-10 06:45:20 GET /stripe/customer-id 404 157 - 1.325 ms -IP::ffff:127.0.0.1
2022-08-10 08:40:45 POST /stripe/create-subscription 404 166 - 1.449 ms -IP::1
2022-08-10 08:40:48 POST /stripe/create-subscription 404 166 - 0.590 ms -IP::1
2022-08-10 08:41:02 POST /stripe/create-subscription 404 166 - 0.260 ms -IP::1
2022-08-10 08:41:03 POST /stripe/create-subscription 404 166 - 0.218 ms -IP::1
2022-08-10 08:41:44 POST /stripe/create-subscription 404 166 - 1.356 ms -IP::1
2022-08-10 08:41:47 POST /stripe/create-subscription 404 166 - 0.544 ms -IP::1
2022-08-10 08:42:10 POST /stripe/create-subscription 400 57 - 4.006 ms -IP::1
2022-08-10 08:42:32 POST /stripe/create-subscription 400 57 - 0.684 ms -IP::1
2022-08-10 08:42:56 POST /stripe/create-subscription 400 57 - 3.894 ms -IP::1
2022-08-10 08:43:31 POST /stripe/create-subscription 400 57 - 3.891 ms -IP::1
2022-08-10 08:44:02 POST /stripe/create-subscription 400 57 - 0.917 ms -IP::1
2022-08-10 08:44:19 POST /stripe/create-subscription 400 57 - 4.327 ms -IP::1
2022-08-10 08:45:03 POST /stripe/create-subscription 400 29 - 1613.233 ms -IP::1
2022-08-10 08:45:54 POST /stripe/create-subscription 400 29 - 1273.735 ms -IP::1
2022-08-10 08:45:55 POST /stripe/create-subscription 400 29 - 649.621 ms -IP::1
2022-08-10 08:46:31 POST /stripe/create-subscription 400 29 - 1190.637 ms -IP::1
2022-08-10 08:46:34 POST /stripe/create-subscription 400 29 - 661.929 ms -IP::1
2022-08-10 08:47:09 POST /stripe/create-subscription 400 29 - 1299.301 ms -IP::1
2022-08-10 08:47:39 POST /stripe/create-subscription 400 29 - 1193.346 ms -IP::1
2022-08-10 08:48:16 POST /stripe/create-subscription 400 50 - 1669.476 ms -IP::1
2022-08-10 08:49:34 POST /stripe/create-subscription 400 56 - 1426.080 ms -IP::1
2022-08-10 10:53:55 GET /favicon.ico 404 150 - 1.396 ms -IP::1
2022-08-10 10:55:17 POST /stripe-webhook 404 154 - 0.485 ms -IP::1
2022-08-10 10:55:17 POST /stripe-webhook 404 154 - 0.318 ms -IP::1
2022-08-10 10:55:17 POST /stripe-webhook 404 154 - 0.206 ms -IP::1
2022-08-10 10:55:17 POST /stripe-webhook 404 154 - 0.221 ms -IP::1
2022-08-10 10:55:18 POST /stripe-webhook 404 154 - 0.269 ms -IP::1
2022-08-10 10:55:18 POST /stripe-webhook 404 154 - 0.186 ms -IP::1
2022-08-10 10:55:18 POST /stripe-webhook 404 154 - 0.193 ms -IP::1
2022-08-10 10:55:19 POST /stripe-webhook 404 154 - 0.196 ms -IP::1
2022-08-10 10:55:19 POST /stripe-webhook 404 154 - 0.217 ms -IP::1
2022-08-10 10:55:19 POST /stripe-webhook 404 154 - 0.185 ms -IP::1
2022-08-10 10:55:19 POST /stripe-webhook 404 154 - 0.189 ms -IP::1
2022-08-10 10:57:29 POST /stripe-webhook 404 154 - 1.112 ms -IP::1
2022-08-10 10:57:30 POST /stripe-webhook 404 154 - 0.476 ms -IP::1
2022-08-10 10:57:30 POST /stripe-webhook 404 154 - 0.268 ms -IP::1
2022-08-10 10:57:30 POST /stripe-webhook 404 154 - 0.277 ms -IP::1
2022-08-10 10:57:30 POST /stripe-webhook 404 154 - 0.219 ms -IP::1
2022-08-10 10:57:31 POST /stripe-webhook 404 154 - 0.223 ms -IP::1
2022-08-10 10:57:31 POST /stripe-webhook 404 154 - 0.212 ms -IP::1
2022-08-10 10:57:32 POST /stripe-webhook 404 154 - 0.204 ms -IP::1
2022-08-10 10:57:32 POST /stripe-webhook 404 154 - 0.211 ms -IP::1
2022-08-10 10:57:33 POST /stripe-webhook 404 154 - 0.215 ms -IP::1
2022-08-10 10:57:33 POST /stripe-webhook 404 154 - 0.203 ms -IP::1
2022-08-10 10:58:39 POST /stripe-webhook 400 65 - 7.393 ms -IP::1
2022-08-10 10:58:40 POST /stripe-webhook 400 65 - 1.572 ms -IP::1
2022-08-10 10:58:40 POST /stripe-webhook 400 65 - 1.348 ms -IP::1
2022-08-10 10:58:40 POST /stripe-webhook 400 65 - 2.028 ms -IP::1
2022-08-10 10:58:40 POST /stripe-webhook 400 65 - 1.341 ms -IP::1
2022-08-10 10:58:47 POST /stripe-webhook 400 65 - 1.374 ms -IP::1
2022-08-10 10:58:47 POST /stripe-webhook 400 65 - 1.327 ms -IP::1
2022-08-10 10:58:47 POST /stripe-webhook 400 65 - 1.955 ms -IP::1
2022-08-10 10:58:47 POST /stripe-webhook 400 65 - 5.475 ms -IP::1
2022-08-10 10:58:47 POST /stripe-webhook 400 65 - 6.098 ms -IP::1
2022-08-10 10:58:47 POST /stripe-webhook 400 65 - 4.195 ms -IP::1
2022-08-10 11:00:59 POST /stripe-webhook 400 65 - 8.006 ms -IP::1
2022-08-10 11:00:59 POST /stripe-webhook 400 65 - 8.615 ms -IP::1
2022-08-10 11:00:59 POST /stripe-webhook 400 65 - 1.451 ms -IP::1
2022-08-10 11:01:00 POST /stripe-webhook 400 65 - 1.518 ms -IP::1
2022-08-10 11:01:00 POST /stripe-webhook 400 65 - 1.496 ms -IP::1
2022-08-10 11:01:01 POST /stripe-webhook 400 65 - 1.362 ms -IP::1
2022-08-10 11:01:01 POST /stripe-webhook 400 65 - 3.326 ms -IP::1
2022-08-10 11:01:02 POST /stripe-webhook 400 65 - 4.610 ms -IP::1
2022-08-10 11:01:02 POST /stripe-webhook 400 65 - 1.386 ms -IP::1
2022-08-10 11:01:02 POST /stripe-webhook 400 65 - 1.861 ms -IP::1
2022-08-10 11:01:02 POST /stripe-webhook 400 65 - 2.178 ms -IP::1
2022-08-10 11:01:48 POST /stripe-webhook 400 196 - 14.823 ms -IP::1
2022-08-10 11:01:48 POST /stripe-webhook 400 196 - 2.274 ms -IP::1
2022-08-10 11:01:48 POST /stripe-webhook 400 196 - 1.945 ms -IP::1
2022-08-10 11:01:48 POST /stripe-webhook 400 196 - 1.832 ms -IP::1
2022-08-10 11:01:49 POST /stripe-webhook 400 196 - 2.051 ms -IP::1
2022-08-10 11:01:49 POST /stripe-webhook 400 196 - 3.783 ms -IP::1
2022-08-10 11:01:50 POST /stripe-webhook 400 196 - 3.678 ms -IP::1
2022-08-10 11:01:50 POST /stripe-webhook 400 196 - 2.917 ms -IP::1
2022-08-10 11:01:50 POST /stripe-webhook 400 196 - 2.959 ms -IP::1
2022-08-10 11:01:51 POST /stripe-webhook 400 196 - 2.655 ms -IP::1
2022-08-10 11:01:51 POST /stripe-webhook 400 196 - 1.710 ms -IP::1
2022-08-10 11:03:26 POST /stripe-webhook 400 196 - 12.239 ms -IP::1
2022-08-10 11:03:26 POST /stripe-webhook 400 196 - 7.501 ms -IP::1
2022-08-10 11:03:26 POST /stripe-webhook 400 196 - 8.242 ms -IP::1
2022-08-10 11:03:27 POST /stripe-webhook 400 196 - 1.721 ms -IP::1
2022-08-10 11:03:27 POST /stripe-webhook 400 196 - 1.779 ms -IP::1
2022-08-10 11:03:27 POST /stripe-webhook 400 196 - 3.071 ms -IP::1
2022-08-10 11:03:28 POST /stripe-webhook 400 196 - 1.717 ms -IP::1
2022-08-10 11:03:28 POST /stripe-webhook 400 196 - 4.740 ms -IP::1
2022-08-10 11:03:28 POST /stripe-webhook 400 196 - 3.080 ms -IP::1
2022-08-10 11:03:29 POST /stripe-webhook 400 196 - 2.048 ms -IP::1
2022-08-10 11:03:29 POST /stripe-webhook 400 196 - 5.904 ms -IP::1
2022-08-10 11:05:53 POST /stripe-webhook 400 196 - 11.589 ms -IP::1
2022-08-10 11:05:53 POST /stripe-webhook 400 196 - 1.952 ms -IP::1
2022-08-10 11:05:53 POST /stripe-webhook 400 196 - 1.515 ms -IP::1
2022-08-10 11:05:54 POST /stripe-webhook 400 196 - 1.969 ms -IP::1
2022-08-10 11:05:54 POST /stripe-webhook 400 196 - 1.476 ms -IP::1
2022-08-10 11:05:55 POST /stripe-webhook 400 196 - 2.657 ms -IP::1
2022-08-10 11:05:55 POST /stripe-webhook 400 196 - 1.384 ms -IP::1
2022-08-10 11:05:55 POST /stripe-webhook 400 196 - 1.361 ms -IP::1
2022-08-10 11:05:56 POST /stripe-webhook 400 196 - 2.184 ms -IP::1
2022-08-10 11:05:56 POST /stripe-webhook 400 196 - 1.500 ms -IP::1
2022-08-10 11:05:56 POST /stripe-webhook 400 196 - 1.443 ms -IP::1
2022-08-10 11:07:34 POST /stripe-webhook 400 196 - 10.321 ms -IP::1
2022-08-10 11:07:34 POST /stripe-webhook 400 196 - 1.907 ms -IP::1
2022-08-10 11:07:34 POST /stripe-webhook 400 196 - 3.776 ms -IP::1
2022-08-10 11:07:34 POST /stripe-webhook 400 196 - 1.604 ms -IP::1
2022-08-10 11:07:35 POST /stripe-webhook 400 196 - 1.659 ms -IP::1
2022-08-10 11:07:35 POST /stripe-webhook 400 196 - 2.993 ms -IP::1
2022-08-10 11:07:35 POST /stripe-webhook 400 196 - 1.533 ms -IP::1
2022-08-10 11:07:36 POST /stripe-webhook 400 196 - 5.507 ms -IP::1
2022-08-10 11:07:36 POST /stripe-webhook 400 196 - 10.917 ms -IP::1
2022-08-10 11:07:36 POST /stripe-webhook 400 196 - 3.221 ms -IP::1
2022-08-10 11:07:36 POST /stripe-webhook 400 196 - 1.561 ms -IP::1
2022-08-10 11:08:53 POST /stripe-webhook 400 196 - 10.930 ms -IP::1
2022-08-10 11:08:53 POST /stripe-webhook 400 196 - 2.825 ms -IP::1
2022-08-10 11:08:53 POST /stripe-webhook 400 196 - 1.661 ms -IP::1
2022-08-10 11:08:53 POST /stripe-webhook 400 196 - 2.651 ms -IP::1
2022-08-10 11:08:54 POST /stripe-webhook 400 196 - 1.774 ms -IP::1
2022-08-10 11:08:54 POST /stripe-webhook 400 196 - 3.031 ms -IP::1
2022-08-10 11:08:54 POST /stripe-webhook 400 196 - 1.652 ms -IP::1
2022-08-10 11:08:55 POST /stripe-webhook 400 196 - 8.148 ms -IP::1
2022-08-10 11:08:55 POST /stripe-webhook 400 196 - 7.245 ms -IP::1
2022-08-10 11:08:55 POST /stripe-webhook 400 196 - 1.929 ms -IP::1
2022-08-10 11:08:55 POST /stripe-webhook 400 196 - 1.661 ms -IP::1
2022-08-10 11:18:50 POST /stripe-webhook 400 196 - 1.422 ms -IP::1
2022-08-10 11:18:51 POST /stripe-webhook 400 196 - 1.410 ms -IP::1
2022-08-10 11:18:51 POST /stripe-webhook 400 196 - 2.180 ms -IP::1
2022-08-10 11:19:34 POST /stripe-webhook 400 196 - 1.260 ms -IP::1
2022-08-10 11:19:35 POST /stripe-webhook 400 196 - 1.984 ms -IP::1
2022-08-10 11:19:35 POST /stripe-webhook 400 196 - 2.347 ms -IP::1
2022-08-10 11:24:09 POST /stripe-webhook 400 196 - 13.368 ms -IP::1
2022-08-10 11:24:09 POST /stripe-webhook 400 196 - 1.809 ms -IP::1
2022-08-10 11:24:09 POST /stripe-webhook 400 196 - 1.401 ms -IP::1
2022-08-10 11:25:09 POST /stripe-webhook 400 196 - 11.656 ms -IP::1
2022-08-10 11:25:10 POST /stripe-webhook 400 196 - 2.135 ms -IP::1
2022-08-10 11:25:10 POST /stripe-webhook 400 196 - 1.698 ms -IP::1
2022-08-10 11:25:58 POST /stripe-webhook 400 196 - 12.031 ms -IP::1
2022-08-10 11:25:58 POST /stripe-webhook 400 196 - 1.843 ms -IP::1
2022-08-10 11:25:58 POST /stripe-webhook 400 196 - 1.391 ms -IP::1
2022-08-10 12:05:22 POST /stripe/create-customer-portal-session 400 26 - 1.802 ms -IP::1
2022-08-10 12:05:50 POST /stripe/create-customer-portal-session 400 26 - 1.694 ms -IP::1
2022-08-10 12:05:53 POST /stripe/create-customer-portal-session 400 26 - 0.405 ms -IP::1
2022-08-10 12:05:56 POST /stripe/create-customer-portal-session 400 26 - 0.237 ms -IP::1
2022-08-10 12:05:57 POST /stripe/create-customer-portal-session 400 26 - 0.237 ms -IP::1
2022-08-10 12:05:57 POST /stripe/create-customer-portal-session 400 26 - 0.211 ms -IP::1
2022-08-10 12:06:12 POST /stripe/create-customer-portal-session 400 26 - 0.307 ms -IP::1
2022-08-10 12:06:13 POST /stripe/create-customer-portal-session 400 26 - 0.327 ms -IP::1
2022-08-10 12:06:14 POST /stripe/create-customer-portal-session 400 26 - 0.240 ms -IP::1
2022-08-10 12:06:14 POST /stripe/create-customer-portal-session 400 26 - 0.221 ms -IP::1
2022-08-10 12:14:39 GET /stripe/customer-subscriptions 400 45 - 0.288 ms -IP::ffff:127.0.0.1
2022-08-10 12:33:40 POST /stripe/create-subscription 400 47 - 1390.921 ms -IP::1
2022-08-10 12:33:46 POST /stripe/create-subscription 400 47 - 681.002 ms -IP::1
2022-08-10 12:34:24 POST /stripe/create-subscription 400 47 - 791.434 ms -IP::1
2022-08-10 12:35:18 POST /stripe/create-subscription 400 49 - 1331.931 ms -IP::1
2022-08-10 12:46:02 POST /stripe/create-subscription 400 39 - 1487.302 ms -IP::1
2022-08-10 12:46:07 POST /stripe/create-subscription 400 39 - 718.455 ms -IP::1
2022-08-10 12:46:28 POST /stripe/create-subscription 400 41 - 1261.617 ms -IP::1
2022-08-10 13:37:21 GET /stripe/validate-subscription%27 404 170 - 1.168 ms -IP::ffff:127.0.0.1
2022-08-10 13:37:30 POST /stripe/validate-subscription%27 404 171 - 0.506 ms -IP::ffff:127.0.0.1
2022-08-10 13:37:35 POST /stripe/validate-subscription 404 168 - 0.171 ms -IP::ffff:127.0.0.1
2022-08-10 15:48:12 POST /stripe/stripe-webhook 404 161 - 1.203 ms -IP::ffff:127.0.0.1
2022-08-10 15:48:13 POST /stripe/stripe-webhook 404 161 - 0.525 ms -IP::ffff:127.0.0.1
2022-08-10 15:49:43 POST /stripe-webhook 400 69 - 8.251 ms -IP::ffff:127.0.0.1
2022-08-10 15:52:26 POST /stripe/create-subscription 400 41 - 1325.129 ms -IP::1
2022-08-10 15:52:31 POST /stripe-webhook 400 196 - 3.158 ms -IP::1
2022-08-10 15:52:43 POST /stripe-webhook 400 196 - 1.899 ms -IP::1
2022-08-10 15:52:56 POST /stripe-webhook 400 196 - 1.437 ms -IP::1
2022-08-10 16:02:17 POST /stripe-webhook 400 196 - 8.553 ms -IP::1
2022-08-19 07:39:27 GET /signal-aggr 400 38 - 1.972 ms -IP::ffff:127.0.0.1
2022-08-19 07:40:52 GET /signal-aggr?nameType=crypto 404 150 - 1.757 ms -IP::ffff:127.0.0.1
2022-08-19 07:42:39 GET /api-signals-aggr?nameType=crypto 404 155 - 0.439 ms -IP::1
2022-08-19 07:42:39 GET /api-signals-aggr?nameType=crypto 404 155 - 0.352 ms -IP::1
2022-08-19 07:42:55 GET /api-signals-aggr?nameType=crypto 404 155 - 0.231 ms -IP::1
2022-08-19 07:43:19 GET /api-signals-aggr?nameType=crypto 404 155 - 0.222 ms -IP::1
2022-08-19 07:43:29 GET /api-signals-aggr?nameType=crypto 404 155 - 0.255 ms -IP::1
2022-08-19 07:43:29 GET /api-signals-aggr?nameType=crypto 404 155 - 0.263 ms -IP::1
2022-08-19 07:43:52 GET /api-signals-aggr?nameType=crypto 404 155 - 0.240 ms -IP::1
2022-08-19 07:44:04 GET /api-signals-aggr?nameType=crypto 404 155 - 0.252 ms -IP::1
2022-08-19 07:44:06 GET /api-signals-aggr?nameType=crypto 404 155 - 0.234 ms -IP::1
2022-08-19 07:44:39 GET /api-signals-aggr?nameType=crypto 404 155 - 0.221 ms -IP::1
2022-08-19 07:44:49 GET /api-signals-aggr?nameType=crypto 404 155 - 0.222 ms -IP::1
2022-08-19 07:44:49 GET /api-signals-aggr?nameType=crypto 404 155 - 0.237 ms -IP::1
2022-08-19 07:45:19 GET /api-signals-aggr?nameType=crypto 404 155 - 0.213 ms -IP::1
2022-08-19 07:45:25 GET /api-signals-aggr?nameType=crypto 404 155 - 0.216 ms -IP::1
2022-08-19 12:28:50 POST /stripe/create-subscription 400 41 - 1533.954 ms -IP::1
2022-08-19 12:28:57 POST /stripe/create-subscription 400 41 - 774.125 ms -IP::1
2022-08-19 15:51:17 GET /api-users 404 148 - 1.703 ms -IP::ffff:127.0.0.1
2022-08-19 15:51:39 GET /api-users/uid/sdfds 400 56 - 1.851 ms -IP::ffff:127.0.0.1
2022-08-19 15:57:29 GET /api-users/uid/gom4yvHtx5Zl993z2yGzHhE7jL33?jsonWebToken=eyJhbGciOiJSUzI1NiIsImtpZCI6ImE4YmZhNzU2NDk4ZmRjNTZlNmVmODQ4YWY5NTI5ZThiZWZkZDM3NDUiLCJ0eXAiOiJKV1QifQ.eyJpc3MiOiJodHRwczovL3NlY3VyZXRva2VuLmdvb2dsZS5jb20vc2lnbmFsYnl0LTllYzY1IiwiYXVkIjoic2lnbmFsYnl0LTllYzY1IiwiYXV0aF90aW1lIjoxNjU5ODQ4NTQyLCJ1c2VyX2lkIjoiZ29tNHl2SHR4NVpsOTkzejJ5R3pIaEU3akwzMyIsInN1YiI6ImdvbTR5dkh0eDVabDk5M3oyeUd6SGhFN2pMMzMiLCJpYXQiOjE2NjA5NDI2NDksImV4cCI6MTY2MDk0NjI0OSwiZW1haWwiOiJjb2RlbWVtb3J5MTAxQGdtYWlsLmNvbSIsImVtYWlsX3ZlcmlmaWVkIjpmYWxzZSwiZmlyZWJhc2UiOnsiaWRlbnRpdGllcyI6eyJlbWFpbCI6WyJjb2RlbWVtb3J5MTAxQGdtYWlsLmNvbSJdfSwic2lnbl9pbl9wcm92aWRlciI6InBhc3N3b3JkIn19.ORLKuvg5_q0_GhGNi0ifLmBfFuCaduUMo8alEVY5RbjF3d6ArZxFzVwl1f35YedLus0aiw8Ew0vqc1IaOvMh0Fq4brCp9EVSQu0LioE9Qql6spc3ldDcFZ0wizQnFJG1UPNjdmriKm4EO48hLd6xeOYzFkid2wYBz0tCxc8yxWOnjn-IHbiixhzVNS5it8_3fiHynOMXET0RZlYKOHj2hcs0M5X6FYsdOMHBl9ACYjXAGJDM1kcFy4nljBc6Z_hgDXUWczAgIJpkCJx6vUsGhsy9mZUcpRs4qaIQ_acReuuhC3u8oWV6jJe7yNJ8QK4wv7Pz639pPyYFt6PtFRpaiw 400 56 - 0.357 ms -IP::1
2022-08-19 15:58:23 GET /api-users/uid/gom4yvHtx5Zl993z2yGzHhE7jL33?jsonWebToken=eyJhbGciOiJSUzI1NiIsImtpZCI6ImE4YmZhNzU2NDk4ZmRjNTZlNmVmODQ4YWY5NTI5ZThiZWZkZDM3NDUiLCJ0eXAiOiJKV1QifQ.eyJpc3MiOiJodHRwczovL3NlY3VyZXRva2VuLmdvb2dsZS5jb20vc2lnbmFsYnl0LTllYzY1IiwiYXVkIjoic2lnbmFsYnl0LTllYzY1IiwiYXV0aF90aW1lIjoxNjU5ODQ4NTQyLCJ1c2VyX2lkIjoiZ29tNHl2SHR4NVpsOTkzejJ5R3pIaEU3akwzMyIsInN1YiI6ImdvbTR5dkh0eDVabDk5M3oyeUd6SGhFN2pMMzMiLCJpYXQiOjE2NjA5NDI3MDMsImV4cCI6MTY2MDk0NjMwMywiZW1haWwiOiJjb2RlbWVtb3J5MTAxQGdtYWlsLmNvbSIsImVtYWlsX3ZlcmlmaWVkIjpmYWxzZSwiZmlyZWJhc2UiOnsiaWRlbnRpdGllcyI6eyJlbWFpbCI6WyJjb2RlbWVtb3J5MTAxQGdtYWlsLmNvbSJdfSwic2lnbl9pbl9wcm92aWRlciI6InBhc3N3b3JkIn19.JjBd-gJNT36XARb3LASDmByAQ4jD2sYeqBNPq3EqzztgNCoR-AlxFcOGi8s-truZP8vhFAPtxvxO9eZduDKa9B9jTHBBbZLVMlZfXOvFp0w85BJKseW2RiwZ6y6LPjXwM7QOL6-0I3SsX3xeQAJP6bVKI6ATqFGIDB5qnz2erY0__bLMF4aENu5egduIvNOoS0I47HTKk_Ugz49CKMP5ZWME6nT-cfx8t609-JbGiKCdCaHi8z5arYWzsQS4DAWOqvbVeQnUWr0DaRrtQXBHzDKMpfaFtNw3PEj5buiz-KgBRDy3xgwk5zEqwXG3rYlL4Vbt16s3kR451kZ-vZv7HQ 400 56 - 2.170 ms -IP::1
2022-08-19 15:59:14 GET /api-users/uid/gom4yvHtx5Zl993z2yGzHhE7jL33?jsonWebToken=eyJhbGciOiJSUzI1NiIsImtpZCI6ImE4YmZhNzU2NDk4ZmRjNTZlNmVmODQ4YWY5NTI5ZThiZWZkZDM3NDUiLCJ0eXAiOiJKV1QifQ.eyJpc3MiOiJodHRwczovL3NlY3VyZXRva2VuLmdvb2dsZS5jb20vc2lnbmFsYnl0LTllYzY1IiwiYXVkIjoic2lnbmFsYnl0LTllYzY1IiwiYXV0aF90aW1lIjoxNjU5ODQ4NTQyLCJ1c2VyX2lkIjoiZ29tNHl2SHR4NVpsOTkzejJ5R3pIaEU3akwzMyIsInN1YiI6ImdvbTR5dkh0eDVabDk5M3oyeUd6SGhFN2pMMzMiLCJpYXQiOjE2NjA5NDI3NTQsImV4cCI6MTY2MDk0NjM1NCwiZW1haWwiOiJjb2RlbWVtb3J5MTAxQGdtYWlsLmNvbSIsImVtYWlsX3ZlcmlmaWVkIjpmYWxzZSwiZmlyZWJhc2UiOnsiaWRlbnRpdGllcyI6eyJlbWFpbCI6WyJjb2RlbWVtb3J5MTAxQGdtYWlsLmNvbSJdfSwic2lnbl9pbl9wcm92aWRlciI6InBhc3N3b3JkIn19.pYHidrC6ctQoGzT_a38Hh8sd875oHn5fRSV5ofhnyBRp7zbgYRKTLbZshmC4fJsuswqGlZTw8hU7Vt-bHgBjJoilyswfheCFlugAOIbm93WMvF8QbYjUvurM2sjo50Nw2KtI3bgfCTAMx2OtvBDCYBi4LLrX4I6zFrYSFP6FUr4t39yvNJQGLmPr6eFdq-2XtEhfhMYLwV4whMNw-Nj2zW7uwEoKBnaR7f4MMEwceYoTWrq710vTUPUCHClx7-O11iwU_1WSJ1KxFIjnd2c-B27HTgUQPuQ_YdJ5lRNMtRqmmgfQDRCRdNe8hHfHA1pX1r2M17GJYvxRBY9UWrSsXA?isStripeKeyLive=false 400 56 - 0.651 ms -IP::1
2022-08-19 15:59:52 GET /api-users/uid/gom4yvHtx5Zl993z2yGzHhE7jL33?jsonWebToken=eyJhbGciOiJSUzI1NiIsImtpZCI6ImE4YmZhNzU2NDk4ZmRjNTZlNmVmODQ4YWY5NTI5ZThiZWZkZDM3NDUiLCJ0eXAiOiJKV1QifQ.eyJpc3MiOiJodHRwczovL3NlY3VyZXRva2VuLmdvb2dsZS5jb20vc2lnbmFsYnl0LTllYzY1IiwiYXVkIjoic2lnbmFsYnl0LTllYzY1IiwiYXV0aF90aW1lIjoxNjU5ODQ4NTQyLCJ1c2VyX2lkIjoiZ29tNHl2SHR4NVpsOTkzejJ5R3pIaEU3akwzMyIsInN1YiI6ImdvbTR5dkh0eDVabDk5M3oyeUd6SGhFN2pMMzMiLCJpYXQiOjE2NjA5NDI3OTIsImV4cCI6MTY2MDk0NjM5MiwiZW1haWwiOiJjb2RlbWVtb3J5MTAxQGdtYWlsLmNvbSIsImVtYWlsX3ZlcmlmaWVkIjpmYWxzZSwiZmlyZWJhc2UiOnsiaWRlbnRpdGllcyI6eyJlbWFpbCI6WyJjb2RlbWVtb3J5MTAxQGdtYWlsLmNvbSJdfSwic2lnbl9pbl9wcm92aWRlciI6InBhc3N3b3JkIn19.GE_C3eMO0mNW3xutJMbWz2FKr5RBrqrc_WDfx3f4mvlfkSJOxD85nIxwSuLbfy8-wMRBDf8biInpsjRdCBFN91fENeaQdxTkx8-RokA0yu38WHBEkblyJEIjLpL-mrX2jFydLLDhoCnGiFFSHQIW5YaVh0NHIHTHbfbanEIDMW4OR2A2hz_28WILX_UMAJ9N3UCSkvwXlauWdDsVuDoaF6K-94gJaI0cW_TwykwiLBG3UY1hcYHhYbC8JXeT4RnLHolIqs3kFf2LFAaU-sTyN62hv78rIKE9jKk3OCkycSiPf2ECiN_PaCt2EOPF3IBIZHJNRFXWB0maLDX0po_RoQ?isStripeKeyLive=false 400 56 - 2.922 ms -IP::1
2022-08-19 17:38:33 GET /api-users/uid/sdfds 400 36 - 0.719 ms -IP::ffff:127.0.0.1
2022-08-20 20:40:32 POST /stripe/create-customer-portal-session 400 32 - 0.448 ms -IP::1
2022-08-20 20:41:30 POST /stripe/create-customer-portal-session 400 32 - 0.332 ms -IP::1
2022-08-20 20:41:53 POST /stripe/create-customer-portal-session 400 32 - 0.195 ms -IP::1
2022-08-27 12:09:45 PATCH /users/userId/HR7zLolDpSV0lyqVrlOXVaxTNjZ2 404 182 - 0.979 ms -IP::ffff:127.0.0.1
2022-08-27 12:10:38 PATCH /users/userId/HR7zLolDpSV0lyqVrlOXVaxTNjZ2 404 182 - 0.351 ms -IP::ffff:127.0.0.1
2022-08-27 12:11:46 PATCH /users/userId/HR7zLolDpSV0lyqVrlOXVaxTNjZ2 404 182 - 1.037 ms -IP::ffff:127.0.0.1
2022-08-27 12:13:08 PATCH /users/userId/HR7zLolDpSV0lyqVrlOXVaxTNjZ2 404 182 - 0.333 ms -IP::ffff:127.0.0.1
2022-08-27 12:13:25 PATCH /users/userId/HR7zLolDpSV0lyqVrlOXVaxTNjZ2 404 182 - 0.144 ms -IP::ffff:127.0.0.1
2022-08-27 12:13:27 GET /users/userId/HR7zLolDpSV0lyqVrlOXVaxTNjZ2 404 180 - 0.456 ms -IP::1
2022-08-27 12:14:08 GET /api-users/userId/HR7zLolDpSV0lyqVrlOXVaxTNjZ2 400 32 - 1.697 ms -IP::1
2022-08-27 12:14:08 GET /favicon.ico 404 150 - 0.243 ms -IP::1
2022-08-27 12:14:32 PATCH /users/userId/HR7zLolDpSV0lyqVrlOXVaxTNjZ2 400 32 - 1.796 ms -IP::ffff:127.0.0.1
2022-08-27 12:14:45 GET /api-users/userId/HR7zLolDpSV0lyqVrlOXVaxTNjZ2 404 184 - 1.090 ms -IP::1
2022-08-27 12:14:49 GET /users/userId/HR7zLolDpSV0lyqVrlOXVaxTNjZ2 400 32 - 0.459 ms -IP::1
2022-08-27 12:15:58 PATCH /users/userId/HR7zLolDpSV0lyqVrlOXVaxTNjZ2 400 32 - 1.713 ms -IP::ffff:127.0.0.1
2022-08-27 12:16:58 PATCH /users/userId/HR7zLolDpSV0lyqVrlOXVaxTNjZ2 400 67 - 500.496 ms -IP::ffff:127.0.0.1
2022-08-27 12:17:43 PATCH /users/userId/HR7zLolDpSV0lyqVrlOXVaxTNjZ2 400 67 - 238.035 ms -IP::ffff:127.0.0.1
2022-08-27 12:23:26 PATCH /users/userId/HR7zLolDpSV0lyqVrlOXVaxTNjZ2 400 67 - 489.676 ms -IP::ffff:127.0.0.1
2022-08-27 12:25:42 PATCH /users/userId/HR7zLolDpSV0lyqVrlOXVaxTNjZ2 400 133 - 379.733 ms -IP::ffff:127.0.0.1
2022-08-29 21:18:43 GET /favicon.ico 404 150 - 1.169 ms -IP::1
2022-08-30 24:02:08 GET /favicon.ico 404 150 - 1.054 ms -IP::1
2022-08-30 24:02:45 GET /api-signal-aggr 400 37 - 0.844 ms -IP::1
2022-09-14 11:31:33 GET /api-users/uid/HR7zLolDpSV0lyqVrlOXVaxTNjZ2?jsonWebToken=eyJhbGciOiJSUzI1NiIsImtpZCI6IjJkMjNmMzc0MDI1ZWQzNTNmOTg0YjUxMWE3Y2NlNDlhMzFkMzFiZDIiLCJ0eXAiOiJKV1QifQ.eyJpc3MiOiJodHRwczovL3NlY3VyZXRva2VuLmdvb2dsZS5jb20vc2lnbmFsYnl0LTllYzY1IiwiYXVkIjoic2lnbmFsYnl0LTllYzY1IiwiYXV0aF90aW1lIjoxNjYzMTY3MTczLCJ1c2VyX2lkIjoiSFI3ekxvbERwU1YwbHlxVnJsT1hWYXhUTmpaMiIsInN1YiI6IkhSN3pMb2xEcFNWMGx5cVZybE9YVmF4VE5qWjIiLCJpYXQiOjE2NjMxNzMwOTMsImV4cCI6MTY2MzE3NjY5MywiZW1haWwiOiJjb2RlbWVtb3J5MTAxQGdtYWlsLmNvbSIsImVtYWlsX3ZlcmlmaWVkIjpmYWxzZSwiZmlyZWJhc2UiOnsiaWRlbnRpdGllcyI6eyJlbWFpbCI6WyJjb2RlbWVtb3J5MTAxQGdtYWlsLmNvbSJdfSwic2lnbl9pbl9wcm92aWRlciI6InBhc3N3b3JkIn19.r4DvhXiQ_b1kj7pkxr-huPeXNIjelPZP3hWOxEPO3iiKzVKCmAuxElbRpru9ayEtMqGUxvJ8_OzshVtE_3OTTH2QbKIJp7ASBiLCAB_n4m3lqMivqE0gNh9P1tNH-k81NW84numbf2jBuTqTwf5NpaBxEtdzvM4bCkhm2YsZf5h2JRD_zyI8UhoYaz9QzhrJrto8xfUoPs3TNCoKwcTGptF4q8_HQ2f5Z-CbLZLx6ySnmLsDXux8C6hC5fCt_yXoOwdwpLXI3RaqpO6UL9KR1IDTwACsf47mb89OtCxl9YL0Amt0GXXVJQvntiPRIkq0SeSd-J8mKG-_IqBuiDvplQ&isStripeKeyLive=false 404 181 - 1.032 ms -IP::1
2022-09-14 11:31:33 GET /api-users/uid/HR7zLolDpSV0lyqVrlOXVaxTNjZ2?jsonWebToken=eyJhbGciOiJSUzI1NiIsImtpZCI6IjJkMjNmMzc0MDI1ZWQzNTNmOTg0YjUxMWE3Y2NlNDlhMzFkMzFiZDIiLCJ0eXAiOiJKV1QifQ.eyJpc3MiOiJodHRwczovL3NlY3VyZXRva2VuLmdvb2dsZS5jb20vc2lnbmFsYnl0LTllYzY1IiwiYXVkIjoic2lnbmFsYnl0LTllYzY1IiwiYXV0aF90aW1lIjoxNjYzMTY3MTczLCJ1c2VyX2lkIjoiSFI3ekxvbERwU1YwbHlxVnJsT1hWYXhUTmpaMiIsInN1YiI6IkhSN3pMb2xEcFNWMGx5cVZybE9YVmF4VE5qWjIiLCJpYXQiOjE2NjMxNzMwOTMsImV4cCI6MTY2MzE3NjY5MywiZW1haWwiOiJjb2RlbWVtb3J5MTAxQGdtYWlsLmNvbSIsImVtYWlsX3ZlcmlmaWVkIjpmYWxzZSwiZmlyZWJhc2UiOnsiaWRlbnRpdGllcyI6eyJlbWFpbCI6WyJjb2RlbWVtb3J5MTAxQGdtYWlsLmNvbSJdfSwic2lnbl9pbl9wcm92aWRlciI6InBhc3N3b3JkIn19.r4DvhXiQ_b1kj7pkxr-huPeXNIjelPZP3hWOxEPO3iiKzVKCmAuxElbRpru9ayEtMqGUxvJ8_OzshVtE_3OTTH2QbKIJp7ASBiLCAB_n4m3lqMivqE0gNh9P1tNH-k81NW84numbf2jBuTqTwf5NpaBxEtdzvM4bCkhm2YsZf5h2JRD_zyI8UhoYaz9QzhrJrto8xfUoPs3TNCoKwcTGptF4q8_HQ2f5Z-CbLZLx6ySnmLsDXux8C6hC5fCt_yXoOwdwpLXI3RaqpO6UL9KR1IDTwACsf47mb89OtCxl9YL0Amt0GXXVJQvntiPRIkq0SeSd-J8mKG-_IqBuiDvplQ&isStripeKeyLive=false 404 181 - 0.467 ms -IP::1
2022-09-14 11:37:08 POST /stripe/create-subscription 400 32 - 67.741 ms -IP::1
2022-09-14 11:38:16 POST /stripe/create-subscription 400 32 - 65.071 ms -IP::1
2022-09-14 11:38:19 POST /stripe/create-subscription 400 32 - 65.781 ms -IP::1
2022-09-14 11:38:26 POST /stripe/create-subscription 400 32 - 66.271 ms -IP::1
2022-09-14 11:38:55 POST /stripe/create-subscription 400 32 - 66.704 ms -IP::1
2022-09-14 11:39:07 POST /stripe/create-subscription 400 32 - 69.246 ms -IP::1
2022-09-14 11:41:09 POST /stripe/create-subscription 400 32 - 373.733 ms -IP::1
2022-09-14 11:41:58 POST /stripe/create-subscription 400 32 - 301.667 ms -IP::1
2022-09-14 11:43:24 POST /stripe/create-subscription 400 41 - 1104.936 ms -IP::1
2022-09-14 11:45:59 POST /stripe/create-subscription 400 41 - 1147.704 ms -IP::1
2022-09-14 11:46:47 POST /stripe/create-subscription 400 41 - 1369.896 ms -IP::1
2022-09-14 11:46:54 POST /stripe/create-subscription 400 41 - 546.863 ms -IP::1
2022-09-14 11:47:02 POST /stripe/create-subscription 400 41 - 544.484 ms -IP::1
2022-09-14 11:47:34 POST /stripe/create-subscription 400 41 - 1026.304 ms -IP::1
2022-09-14 11:48:25 POST /stripe/create-subscription 400 41 - 988.759 ms -IP::1
2022-09-14 11:49:34 POST /stripe/create-subscription 400 41 - 1066.639 ms -IP::1
2022-09-14 11:50:15 POST /stripe/create-subscription 400 41 - 539.473 ms -IP::1
2022-09-14 12:23:08 POST /stripe/create-subscription 400 120 - 787.974 ms -IP::1
2022-09-22 20:03:22 GET /users/userId/SzP7Y93XF0SuxdUPVLF7I9yZcx13?jsonWebToken=eyJhbGciOiJSUzI1NiIsImtpZCI6IjIxZTZjMGM2YjRlMzA5NTI0N2MwNjgwMDAwZTFiNDMxODIzODZkNTAiLCJ0eXAiOiJKV1QifQ.eyJuYW1lIjoiRGFtaW9uIGF0IENvZGVtZW1vcnkiLCJwaWN0dXJlIjoiaHR0cHM6Ly9saDMuZ29vZ2xldXNlcmNvbnRlbnQuY29tL2EtL0FPaDE0R2hFT1p5TTV0NU81X2lfdnFManBlNmY1b1dfTmV0ZGlyS2NyWVN6cVE9czk2LWMiLCJpc3MiOiJodHRwczovL3NlY3VyZXRva2VuLmdvb2dsZS5jb20vc2lnbmFsbHktYzdjZDkiLCJhdWQiOiJzaWduYWxseS1jN2NkOSIsImF1dGhfdGltZSI6MTY2MzM0MDA5OSwidXNlcl9pZCI6IlN6UDdZOTNYRjBTdXhkVVBWTEY3STl5WmN4MTMiLCJzdWIiOiJTelA3WTkzWEYwU3V4ZFVQVkxGN0k5eVpjeDEzIiwiaWF0IjoxNjYzODA4NjAyLCJleHAiOjE2NjM4MTIyMDIsImVtYWlsIjoiY29kZW1lbW9yeTEwMUBnbWFpbC5jb20iLCJlbWFpbF92ZXJpZmllZCI6dHJ1ZSwiZmlyZWJhc2UiOnsiaWRlbnRpdGllcyI6eyJnb29nbGUuY29tIjpbIjExNTAxMDU4NjU2NjIxOTA1NTExNyJdLCJlbWFpbCI6WyJjb2RlbWVtb3J5MTAxQGdtYWlsLmNvbSJdfSwic2lnbl9pbl9wcm92aWRlciI6InBhc3N3b3JkIn19.ZM94As8uuK9jO9_0cpWXa708UTJ9eg0jGgj7ZEUOJ7I3gHuYwBXcc1a_PnIsUipQSbz0Mdd1XAcv0AKRLv26etIrLtZLNzB1mdS8CGkC17Yo2UZY6xhEGHmb1M-CZcfVm5x_fIlZ6dk93zxJgi2Jr_vTEH75vujB8vqNiZI_1WiEEhSZeN6789CQuVaEqE0wte5Kr0iZix44saUB2085bJ0N0QjqU0M60I9-bE4Z3wLdx-ZtkQ6EQCNOIfp-KpmFx4PP81sVs1VYvcLkhVNOqpCOypu12VlIZFxg0r3KP-Ef9GqvUD4Yv0-iJm704jKlQI8H8T2JWKlAGWth60G5rg&isStripeKeyLive=false 404 180 - 1.993 ms -IP::1
2022-09-22 20:03:27 GET /users/userId/SzP7Y93XF0SuxdUPVLF7I9yZcx13?jsonWebToken=eyJhbGciOiJSUzI1NiIsImtpZCI6IjIxZTZjMGM2YjRlMzA5NTI0N2MwNjgwMDAwZTFiNDMxODIzODZkNTAiLCJ0eXAiOiJKV1QifQ.eyJuYW1lIjoiRGFtaW9uIGF0IENvZGVtZW1vcnkiLCJwaWN0dXJlIjoiaHR0cHM6Ly9saDMuZ29vZ2xldXNlcmNvbnRlbnQuY29tL2EtL0FPaDE0R2hFT1p5TTV0NU81X2lfdnFManBlNmY1b1dfTmV0ZGlyS2NyWVN6cVE9czk2LWMiLCJpc3MiOiJodHRwczovL3NlY3VyZXRva2VuLmdvb2dsZS5jb20vc2lnbmFsbHktYzdjZDkiLCJhdWQiOiJzaWduYWxseS1jN2NkOSIsImF1dGhfdGltZSI6MTY2MzM0MDA5OSwidXNlcl9pZCI6IlN6UDdZOTNYRjBTdXhkVVBWTEY3STl5WmN4MTMiLCJzdWIiOiJTelA3WTkzWEYwU3V4ZFVQVkxGN0k5eVpjeDEzIiwiaWF0IjoxNjYzODA4NjA3LCJleHAiOjE2NjM4MTIyMDcsImVtYWlsIjoiY29kZW1lbW9yeTEwMUBnbWFpbC5jb20iLCJlbWFpbF92ZXJpZmllZCI6dHJ1ZSwiZmlyZWJhc2UiOnsiaWRlbnRpdGllcyI6eyJnb29nbGUuY29tIjpbIjExNTAxMDU4NjU2NjIxOTA1NTExNyJdLCJlbWFpbCI6WyJjb2RlbWVtb3J5MTAxQGdtYWlsLmNvbSJdfSwic2lnbl9pbl9wcm92aWRlciI6InBhc3N3b3JkIn19.MmcIeCineZFALTjZ-dfRJBmq603lzDNWJmgwKKEQ2K3HxwIrMhYNHLoLLLt6kdv6Wdl9L1eSb3hBQnl9ykQ7pxbY9NiCzfgteTSTiS7j39TwgJmlgVq9ZmMLu1Iny5V9kYS_9d6-evPslLbn7cawYiOj5uknzkOh5AwVhwmC3cJUWSQgdQaXvJH4mb0W68efKOMN-ymb4z5anQGoSeDNfFHXyyhVwiyWWkl7rT00sKp9aF5YgS1g8vM4PtR1oqS_Xa9b5KYrONa1AODauUhij45wwmjzrZTdmMo-ZPMThQCNZy0xhT9qj_kmL1KljbfamcWQtz07dl2kLX_o64FR5g&isStripeKeyLive=false 404 180 - 0.617 ms -IP::1
2022-09-22 20:03:27 GET /users/userId/SzP7Y93XF0SuxdUPVLF7I9yZcx13?jsonWebToken=eyJhbGciOiJSUzI1NiIsImtpZCI6IjIxZTZjMGM2YjRlMzA5NTI0N2MwNjgwMDAwZTFiNDMxODIzODZkNTAiLCJ0eXAiOiJKV1QifQ.eyJuYW1lIjoiRGFtaW9uIGF0IENvZGVtZW1vcnkiLCJwaWN0dXJlIjoiaHR0cHM6Ly9saDMuZ29vZ2xldXNlcmNvbnRlbnQuY29tL2EtL0FPaDE0R2hFT1p5TTV0NU81X2lfdnFManBlNmY1b1dfTmV0ZGlyS2NyWVN6cVE9czk2LWMiLCJpc3MiOiJodHRwczovL3NlY3VyZXRva2VuLmdvb2dsZS5jb20vc2lnbmFsbHktYzdjZDkiLCJhdWQiOiJzaWduYWxseS1jN2NkOSIsImF1dGhfdGltZSI6MTY2MzM0MDA5OSwidXNlcl9pZCI6IlN6UDdZOTNYRjBTdXhkVVBWTEY3STl5WmN4MTMiLCJzdWIiOiJTelA3WTkzWEYwU3V4ZFVQVkxGN0k5eVpjeDEzIiwiaWF0IjoxNjYzODA4NjA3LCJleHAiOjE2NjM4MTIyMDcsImVtYWlsIjoiY29kZW1lbW9yeTEwMUBnbWFpbC5jb20iLCJlbWFpbF92ZXJpZmllZCI6dHJ1ZSwiZmlyZWJhc2UiOnsiaWRlbnRpdGllcyI6eyJnb29nbGUuY29tIjpbIjExNTAxMDU4NjU2NjIxOTA1NTExNyJdLCJlbWFpbCI6WyJjb2RlbWVtb3J5MTAxQGdtYWlsLmNvbSJdfSwic2lnbl9pbl9wcm92aWRlciI6InBhc3N3b3JkIn19.MmcIeCineZFALTjZ-dfRJBmq603lzDNWJmgwKKEQ2K3HxwIrMhYNHLoLLLt6kdv6Wdl9L1eSb3hBQnl9ykQ7pxbY9NiCzfgteTSTiS7j39TwgJmlgVq9ZmMLu1Iny5V9kYS_9d6-evPslLbn7cawYiOj5uknzkOh5AwVhwmC3cJUWSQgdQaXvJH4mb0W68efKOMN-ymb4z5anQGoSeDNfFHXyyhVwiyWWkl7rT00sKp9aF5YgS1g8vM4PtR1oqS_Xa9b5KYrONa1AODauUhij45wwmjzrZTdmMo-ZPMThQCNZy0xhT9qj_kmL1KljbfamcWQtz07dl2kLX_o64FR5g&isStripeKeyLive=false 404 180 - 0.539 ms -IP::1
2022-09-22 20:03:46 GET /users/userId/SzP7Y93XF0SuxdUPVLF7I9yZcx13?jsonWebToken=eyJhbGciOiJSUzI1NiIsImtpZCI6IjIxZTZjMGM2YjRlMzA5NTI0N2MwNjgwMDAwZTFiNDMxODIzODZkNTAiLCJ0eXAiOiJKV1QifQ.eyJuYW1lIjoiRGFtaW9uIGF0IENvZGVtZW1vcnkiLCJwaWN0dXJlIjoiaHR0cHM6Ly9saDMuZ29vZ2xldXNlcmNvbnRlbnQuY29tL2EtL0FPaDE0R2hFT1p5TTV0NU81X2lfdnFManBlNmY1b1dfTmV0ZGlyS2NyWVN6cVE9czk2LWMiLCJpc3MiOiJodHRwczovL3NlY3VyZXRva2VuLmdvb2dsZS5jb20vc2lnbmFsbHktYzdjZDkiLCJhdWQiOiJzaWduYWxseS1jN2NkOSIsImF1dGhfdGltZSI6MTY2MzM0MDA5OSwidXNlcl9pZCI6IlN6UDdZOTNYRjBTdXhkVVBWTEY3STl5WmN4MTMiLCJzdWIiOiJTelA3WTkzWEYwU3V4ZFVQVkxGN0k5eVpjeDEzIiwiaWF0IjoxNjYzODA4NjI3LCJleHAiOjE2NjM4MTIyMjcsImVtYWlsIjoiY29kZW1lbW9yeTEwMUBnbWFpbC5jb20iLCJlbWFpbF92ZXJpZmllZCI6dHJ1ZSwiZmlyZWJhc2UiOnsiaWRlbnRpdGllcyI6eyJnb29nbGUuY29tIjpbIjExNTAxMDU4NjU2NjIxOTA1NTExNyJdLCJlbWFpbCI6WyJjb2RlbWVtb3J5MTAxQGdtYWlsLmNvbSJdfSwic2lnbl9pbl9wcm92aWRlciI6InBhc3N3b3JkIn19.aKYwhJBJgBJ6B6v5FY5wcPTszJ1YMQK8GSeuP6j2TY5SB1T9SEyDN0Cd1vzB8IlV-RjwCn7Pduz_Duxdo8SEbTEFgPLOfz0zOEGEQNG7TQYj_ZyHeWLQmNQnCvFaJtqGppufWQ60MsKEC80GP3GDrPlKwciFDOGS_aZFHfS6lFfCT0QlzdyBR09Yb6AvrDNui3naUGnmO1pK6rYpscClS2QJ-C38RnDKWFwzNZyZZ3Beoau4rWCxrioyUya9_13Xc94uCevc-F4WDp1J0kwyEyhIysCVuyvzmoFZ5RqH_Sgbqnd6hOsfUEqFKQQ3VfPtivdmLRvgXz9FdqvjYYz6og&isStripeKeyLive=false 404 180 - 1.988 ms -IP::1
2022-09-22 20:03:46 GET /users/userId/SzP7Y93XF0SuxdUPVLF7I9yZcx13?jsonWebToken=eyJhbGciOiJSUzI1NiIsImtpZCI6IjIxZTZjMGM2YjRlMzA5NTI0N2MwNjgwMDAwZTFiNDMxODIzODZkNTAiLCJ0eXAiOiJKV1QifQ.eyJuYW1lIjoiRGFtaW9uIGF0IENvZGVtZW1vcnkiLCJwaWN0dXJlIjoiaHR0cHM6Ly9saDMuZ29vZ2xldXNlcmNvbnRlbnQuY29tL2EtL0FPaDE0R2hFT1p5TTV0NU81X2lfdnFManBlNmY1b1dfTmV0ZGlyS2NyWVN6cVE9czk2LWMiLCJpc3MiOiJodHRwczovL3NlY3VyZXRva2VuLmdvb2dsZS5jb20vc2lnbmFsbHktYzdjZDkiLCJhdWQiOiJzaWduYWxseS1jN2NkOSIsImF1dGhfdGltZSI6MTY2MzM0MDA5OSwidXNlcl9pZCI6IlN6UDdZOTNYRjBTdXhkVVBWTEY3STl5WmN4MTMiLCJzdWIiOiJTelA3WTkzWEYwU3V4ZFVQVkxGN0k5eVpjeDEzIiwiaWF0IjoxNjYzODA4NjI3LCJleHAiOjE2NjM4MTIyMjcsImVtYWlsIjoiY29kZW1lbW9yeTEwMUBnbWFpbC5jb20iLCJlbWFpbF92ZXJpZmllZCI6dHJ1ZSwiZmlyZWJhc2UiOnsiaWRlbnRpdGllcyI6eyJnb29nbGUuY29tIjpbIjExNTAxMDU4NjU2NjIxOTA1NTExNyJdLCJlbWFpbCI6WyJjb2RlbWVtb3J5MTAxQGdtYWlsLmNvbSJdfSwic2lnbl9pbl9wcm92aWRlciI6InBhc3N3b3JkIn19.aKYwhJBJgBJ6B6v5FY5wcPTszJ1YMQK8GSeuP6j2TY5SB1T9SEyDN0Cd1vzB8IlV-RjwCn7Pduz_Duxdo8SEbTEFgPLOfz0zOEGEQNG7TQYj_ZyHeWLQmNQnCvFaJtqGppufWQ60MsKEC80GP3GDrPlKwciFDOGS_aZFHfS6lFfCT0QlzdyBR09Yb6AvrDNui3naUGnmO1pK6rYpscClS2QJ-C38RnDKWFwzNZyZZ3Beoau4rWCxrioyUya9_13Xc94uCevc-F4WDp1J0kwyEyhIysCVuyvzmoFZ5RqH_Sgbqnd6hOsfUEqFKQQ3VfPtivdmLRvgXz9FdqvjYYz6og&isStripeKeyLive=false 404 180 - 0.659 ms -IP::1
2022-09-29 08:32:26 POST /notifications 500 45 - 2.005 ms -IP::ffff:127.0.0.1
2022-09-29 08:32:34 POST /notifications 500 45 - 0.446 ms -IP::ffff:127.0.0.1
